[TIME] jst_now=2026-03-08 09:40:42 expected_hour=23
[WARN] Running outside the expected JST hour for night-session feature capture.
[FUT] rows=588 ticker=NKD=F feature=fut_nk_night_ret
[GROUP] start=group1 symbols=101
[DATA][group1] 1417.T -> data\prices\1417_T.csv
[DATA][group1] 1860.T -> data\prices\1860_T.csv
[DATA][group1] 1861.T -> data\prices\1861_T.csv
[DATA][group1] 1963.T -> data\prices\1963_T.csv
[DATA][group1] 1975.T -> data\prices\1975_T.csv
[DATA][group1] 2124.T -> data\prices\2124_T.csv
[DATA][group1] 2181.T -> data\prices\2181_T.csv
[DATA][group1] 2212.T -> data\prices\2212_T.csv
[DATA][group1] 2220.T -> data\prices\2220_T.csv
[DATA][group1] 2264.T -> data\prices\2264_T.csv
[DATA][group1] 2282.T -> data\prices\2282_T.csv
[DATA][group1] 2326.T -> data\prices\2326_T.csv
[DATA][group1] 2353.T -> data\prices\2353_T.csv
[DATA][group1] 2492.T -> data\prices\2492_T.csv
[DATA][group1] 2501.T -> data\prices\2501_T.csv
[DATA][group1] 2607.T -> data\prices\2607_T.csv
[DATA][group1] 2914.T -> data\prices\2914_T.csv
[DATA][group1] 2933.T -> data\prices\2933_T.csv
[DATA][group1] 2980.T -> data\prices\2980_T.csv
[DATA][group1] 2982.T -> data\prices\2982_T.csv
[DATA][group1] 2983.T -> data\prices\2983_T.csv
[DATA][group1] 3036.T -> data\prices\3036_T.csv
[DATA][group1] 3064.T -> data\prices\3064_T.csv
[DATA][group1] 3104.T -> data\prices\3104_T.csv
[DATA][group1] 3186.T -> data\prices\3186_T.csv
[DATA][group1] 3391.T -> data\prices\3391_T.csv
[DATA][group1] 3392.T -> data\prices\3392_T.csv
[DATA][group1] 3397.T -> data\prices\3397_T.csv
[DATA][group1] 3415.T -> data\prices\3415_T.csv
[DATA][group1] 3449.T -> data\prices\3449_T.csv
[DATA][group1] 3452.T -> data\prices\3452_T.csv
[DATA][group1] 3486.T -> data\prices\3486_T.csv
[DATA][group1] 3489.T -> data\prices\3489_T.csv
[DATA][group1] 3491.T -> data\prices\3491_T.csv
[DATA][group1] 3496.T -> data\prices\3496_T.csv
[DATA][group1] 3498.T -> data\prices\3498_T.csv
[DATA][group1] 3563.T -> data\prices\3563_T.csv
[DATA][group1] 3660.T -> data\prices\3660_T.csv
[DATA][group1] 3661.T -> data\prices\3661_T.csv
[DATA][group1] 3673.T -> data\prices\3673_T.csv
[DATA][group1] 3697.T -> data\prices\3697_T.csv
[DATA][group1] 3762.T -> data\prices\3762_T.csv
[DATA][group1] 3771.T -> data\prices\3771_T.csv
[DATA][group1] 3905.T -> data\prices\3905_T.csv
[DATA][group1] 4013.T -> data\prices\4013_T.csv
[DATA][group1] 4071.T -> data\prices\4071_T.csv
[DATA][group1] 4180.T -> data\prices\4180_T.csv
[DATA][group1] 4203.T -> data\prices\4203_T.csv
[DATA][group1] 4301.T -> data\prices\4301_T.csv
[DATA][group1] 4385.T -> data\prices\4385_T.csv
[DATA][group1] 4413.T -> data\prices\4413_T.csv
[DATA][group1] 4419.T -> data\prices\4419_T.csv
[DATA][group1] 4443.T -> data\prices\4443_T.csv
[DATA][group1] 4477.T -> data\prices\4477_T.csv
[DATA][group1] 4478.T -> data\prices\4478_T.csv
[DATA][group1] 4481.T -> data\prices\4481_T.csv
[DATA][group1] 4503.T -> data\prices\4503_T.csv
[DATA][group1] 4506.T -> data\prices\4506_T.csv
[DATA][group1] 4507.T -> data\prices\4507_T.csv
[DATA][group1] 4684.T -> data\prices\4684_T.csv
[DATA][group1] 4704.T -> data\prices\4704_T.csv
[DATA][group1] 5032.T -> data\prices\5032_T.csv
[DATA][group1] 5248.T -> data\prices\5248_T.csv
[DATA][group1] 6027.T -> data\prices\6027_T.csv
[DATA][group1] 6099.T -> data\prices\6099_T.csv
[DATA][group1] 6412.T -> data\prices\6412_T.csv
[DATA][group1] 6532.T -> data\prices\6532_T.csv
[DATA][group1] 6648.T -> data\prices\6648_T.csv
[DATA][group1] 6871.T -> data\prices\6871_T.csv
[DATA][group1] 7003.T -> data\prices\7003_T.csv
[DATA][group1] 7059.T -> data\prices\7059_T.csv
[DATA][group1] 7088.T -> data\prices\7088_T.csv
[DATA][group1] 7094.T -> data\prices\7094_T.csv
[DATA][group1] 7095.T -> data\prices\7095_T.csv
[DATA][group1] 7167.T -> data\prices\7167_T.csv
[DATA][group1] 7199.T -> data\prices\7199_T.csv
[DATA][group1] 7266.T -> data\prices\7266_T.csv
[DATA][group1] 7327.T -> data\prices\7327_T.csv
[DATA][group1] 7347.T -> data\prices\7347_T.csv
[DATA][group1] 7352.T -> data\prices\7352_T.csv
[DATA][group1] 7581.T -> data\prices\7581_T.csv
[DATA][group1] 7616.T -> data\prices\7616_T.csv
[DATA][group1] 7685.T -> data\prices\7685_T.csv
[DATA][group1] 7752.T -> data\prices\7752_T.csv
[DATA][group1] 7874.T -> data\prices\7874_T.csv
[DATA][group1] 7914.T -> data\prices\7914_T.csv
[DATA][group1] 7936.T -> data\prices\7936_T.csv
[DATA][group1] 8136.T -> data\prices\8136_T.csv
[DATA][group1] 8316.T -> data\prices\8316_T.csv
[DATA][group1] 8331.T -> data\prices\8331_T.csv
[DATA][group1] 8365.T -> data\prices\8365_T.csv
[DATA][group1] 8377.T -> data\prices\8377_T.csv
[DATA][group1] 9166.T -> data\prices\9166_T.csv
[DATA][group1] 9416.T -> data\prices\9416_T.csv
[DATA][group1] 9556.T -> data\prices\9556_T.csv
[DATA][group1] 9627.T -> data\prices\9627_T.csv
[DATA][group1] 9889.T -> data\prices\9889_T.csv
[DATA][group1] 135A.T -> data\prices\135A_T.csv
[DATA][group1] 247A.T -> data\prices\247A_T.csv
[DATA][group1] 285A.T -> data\prices\285A_T.csv
[DATA][group1] 1330.T -> data\prices\1330_T.csv
[SECTOR][group1] symbols=101 unique=10 index_loaded=9
[ML][group1] trained_rows=381276 symbols=101 features=22
[OPTRET][group1] threshold=0.70 stop_loss=20.00% limit=-0.50% win_rate=87.34% avg_fill=2.22% avg_signal=1.36% fills=316/514 constraints(fill_rate>=10.00%, monthly_fills>=0.00)
[FALLBACK][group1] threshold=0.70->0.62 buy_signals=3
[HOLD] 1417.T | signal_date=2026-03-06 trade_date=2026-03-09 close=3722.00 tp_prob=53.53% lmt=-0.50% lmt_price=3740.61 sl=20.00%
[HOLD] 1860.T | signal_date=2026-03-06 trade_date=2026-03-09 close=1584.00 tp_prob=49.78% lmt=-0.50% lmt_price=1591.92 sl=20.00%
[HOLD] 1861.T | signal_date=2026-03-06 trade_date=2026-03-09 close=1746.00 tp_prob=59.50% lmt=-0.50% lmt_price=1754.73 sl=20.00%
[HOLD] 1963.T | signal_date=2026-03-06 trade_date=2026-03-09 close=2210.50 tp_prob=56.58% lmt=-0.50% lmt_price=2221.55 sl=20.00%
[HOLD] 1975.T | signal_date=2026-03-06 trade_date=2026-03-09 close=4135.00 tp_prob=57.29% lmt=-0.50% lmt_price=4155.67 sl=20.00%
[HOLD] 2124.T | signal_date=2026-03-06 trade_date=2026-03-09 close=880.00 tp_prob=53.60% lmt=-0.50% lmt_price=884.40 sl=20.00%
[HOLD] 2181.T | signal_date=2026-03-06 trade_date=2026-03-09 close=243.80 tp_prob=50.02% lmt=-0.50% lmt_price=245.02 sl=20.00%
[HOLD] 2212.T | signal_date=2026-03-06 trade_date=2026-03-09 close=3364.00 tp_prob=47.17% lmt=-0.50% lmt_price=3380.82 sl=20.00%
[HOLD] 2220.T | signal_date=2026-03-06 trade_date=2026-03-09 close=4360.00 tp_prob=41.07% lmt=-0.50% lmt_price=4381.80 sl=20.00%
[HOLD] 2264.T | signal_date=2026-03-06 trade_date=2026-03-09 close=4797.00 tp_prob=48.59% lmt=-0.50% lmt_price=4820.98 sl=20.00%
[HOLD] 2282.T | signal_date=2026-03-06 trade_date=2026-03-09 close=6857.00 tp_prob=40.60% lmt=-0.50% lmt_price=6891.28 sl=20.00%
[HOLD] 2326.T | signal_date=2026-03-06 trade_date=2026-03-09 close=5280.00 tp_prob=56.08% lmt=-0.50% lmt_price=5306.40 sl=20.00%
[HOLD] 2353.T | signal_date=2026-03-06 trade_date=2026-03-09 close=274.00 tp_prob=43.53% lmt=-0.50% lmt_price=275.37 sl=20.00%
[HOLD] 2492.T | signal_date=2026-03-06 trade_date=2026-03-09 close=420.00 tp_prob=54.82% lmt=-0.50% lmt_price=422.10 sl=20.00%
[HOLD] 2501.T | signal_date=2026-03-06 trade_date=2026-03-09 close=1666.00 tp_prob=51.07% lmt=-0.50% lmt_price=1674.33 sl=20.00%
[HOLD] 2607.T | signal_date=2026-03-06 trade_date=2026-03-09 close=3466.00 tp_prob=57.55% lmt=-0.50% lmt_price=3483.33 sl=20.00%
[HOLD] 2914.T | signal_date=2026-03-06 trade_date=2026-03-09 close=5714.00 tp_prob=40.94% lmt=-0.50% lmt_price=5742.57 sl=20.00%
[HOLD] 2933.T | signal_date=2026-03-06 trade_date=2026-03-09 close=1053.00 tp_prob=40.02% lmt=-0.50% lmt_price=1058.26 sl=20.00%
[HOLD] 2980.T | signal_date=2026-03-06 trade_date=2026-03-09 close=2845.00 tp_prob=53.79% lmt=-0.50% lmt_price=2859.22 sl=20.00%
[HOLD] 2982.T | signal_date=2026-03-06 trade_date=2026-03-09 close=440.00 tp_prob=54.50% lmt=-0.50% lmt_price=442.20 sl=20.00%
[HOLD] 2983.T | signal_date=2026-03-06 trade_date=2026-03-09 close=2100.00 tp_prob=55.55% lmt=-0.50% lmt_price=2110.50 sl=20.00%
[HOLD] 3036.T | signal_date=2026-03-06 trade_date=2026-03-09 close=2956.00 tp_prob=56.03% lmt=-0.50% lmt_price=2970.78 sl=20.00%
[HOLD] 3064.T | signal_date=2026-03-06 trade_date=2026-03-09 close=1986.00 tp_prob=52.33% lmt=-0.50% lmt_price=1995.93 sl=20.00%
[HOLD] 3104.T | signal_date=2026-03-06 trade_date=2026-03-09 close=10590.00 tp_prob=51.11% lmt=-0.50% lmt_price=10642.95 sl=20.00%
[HOLD] 3186.T | signal_date=2026-03-06 trade_date=2026-03-09 close=3135.00 tp_prob=60.21% lmt=-0.50% lmt_price=3150.67 sl=20.00%
[HOLD] 3391.T | signal_date=2026-03-06 trade_date=2026-03-09 close=2272.50 tp_prob=59.96% lmt=-0.50% lmt_price=2283.86 sl=20.00%
[HOLD] 3392.T | signal_date=2026-03-06 trade_date=2026-03-09 close=839.00 tp_prob=47.26% lmt=-0.50% lmt_price=843.19 sl=20.00%
[HOLD] 3397.T | signal_date=2026-03-06 trade_date=2026-03-09 close=4253.00 tp_prob=44.49% lmt=-0.50% lmt_price=4274.26 sl=20.00%
[HOLD] 3415.T | signal_date=2026-03-06 trade_date=2026-03-09 close=453.00 tp_prob=55.29% lmt=-0.50% lmt_price=455.26 sl=20.00%
[HOLD] 3449.T | signal_date=2026-03-06 trade_date=2026-03-09 close=2476.00 tp_prob=52.14% lmt=-0.50% lmt_price=2488.38 sl=20.00%
[HOLD] 3452.T | signal_date=2026-03-06 trade_date=2026-03-09 close=1587.00 tp_prob=50.49% lmt=-0.50% lmt_price=1594.93 sl=20.00%
[HOLD] 3486.T | signal_date=2026-03-06 trade_date=2026-03-09 close=2282.00 tp_prob=53.03% lmt=-0.50% lmt_price=2293.41 sl=20.00%
[HOLD] 3489.T | signal_date=2026-03-06 trade_date=2026-03-09 close=934.00 tp_prob=52.47% lmt=-0.50% lmt_price=938.67 sl=20.00%
[HOLD] 3491.T | signal_date=2026-03-06 trade_date=2026-03-09 close=1647.00 tp_prob=51.19% lmt=-0.50% lmt_price=1655.23 sl=20.00%
[HOLD] 3496.T | signal_date=2026-03-06 trade_date=2026-03-09 close=4795.00 tp_prob=52.26% lmt=-0.50% lmt_price=4818.97 sl=20.00%
[HOLD] 3498.T | signal_date=2026-03-06 trade_date=2026-03-09 close=7250.00 tp_prob=54.79% lmt=-0.50% lmt_price=7286.25 sl=20.00%
[HOLD] 3563.T | signal_date=2026-03-06 trade_date=2026-03-09 close=9260.00 tp_prob=57.37% lmt=-0.50% lmt_price=9306.30 sl=20.00%
[HOLD] 3660.T | signal_date=2026-03-06 trade_date=2026-03-09 close=462.00 tp_prob=52.27% lmt=-0.50% lmt_price=464.31 sl=20.00%
[HOLD] 3661.T | signal_date=2026-03-06 trade_date=2026-03-09 close=703.00 tp_prob=58.26% lmt=-0.50% lmt_price=706.51 sl=20.00%
[HOLD] 3673.T | signal_date=2026-03-06 trade_date=2026-03-09 close=829.00 tp_prob=55.97% lmt=-0.50% lmt_price=833.14 sl=20.00%
[HOLD] 3697.T | signal_date=2026-03-06 trade_date=2026-03-09 close=732.90 tp_prob=54.62% lmt=-0.50% lmt_price=736.56 sl=20.00%
[HOLD] 3762.T | signal_date=2026-03-06 trade_date=2026-03-09 close=1846.00 tp_prob=51.83% lmt=-0.50% lmt_price=1855.23 sl=20.00%
[HOLD] 3771.T | signal_date=2026-03-06 trade_date=2026-03-09 close=1793.00 tp_prob=51.49% lmt=-0.50% lmt_price=1801.96 sl=20.00%
[BUY] 3905.T | signal_date=2026-03-06 trade_date=2026-03-09 close=1565.00 tp_prob=66.52% lmt=-0.50% lmt_price=1572.82 sl=20.00% sl_price=1252.00
[HOLD] 4013.T | signal_date=2026-03-06 trade_date=2026-03-09 close=734.00 tp_prob=60.66% lmt=-0.50% lmt_price=737.67 sl=20.00%
[HOLD] 4071.T | signal_date=2026-03-06 trade_date=2026-03-09 close=2263.00 tp_prob=52.38% lmt=-0.50% lmt_price=2274.31 sl=20.00%
[HOLD] 4180.T | signal_date=2026-03-06 trade_date=2026-03-09 close=833.00 tp_prob=57.26% lmt=-0.50% lmt_price=837.16 sl=20.00%
[HOLD] 4203.T | signal_date=2026-03-06 trade_date=2026-03-09 close=5570.00 tp_prob=53.67% lmt=-0.50% lmt_price=5597.85 sl=20.00%
[HOLD] 4301.T | signal_date=2026-03-06 trade_date=2026-03-09 close=2038.00 tp_prob=43.45% lmt=-0.50% lmt_price=2048.19 sl=20.00%
[HOLD] 4385.T | signal_date=2026-03-06 trade_date=2026-03-09 close=3491.00 tp_prob=54.10% lmt=-0.50% lmt_price=3508.45 sl=20.00%
[HOLD] 4413.T | signal_date=2026-03-06 trade_date=2026-03-09 close=1992.00 tp_prob=55.37% lmt=-0.50% lmt_price=2001.96 sl=20.00%
[HOLD] 4419.T | signal_date=2026-03-06 trade_date=2026-03-09 close=957.00 tp_prob=56.47% lmt=-0.50% lmt_price=961.78 sl=20.00%
[HOLD] 4443.T | signal_date=2026-03-06 trade_date=2026-03-09 close=1240.00 tp_prob=55.19% lmt=-0.50% lmt_price=1246.20 sl=20.00%
[HOLD] 4477.T | signal_date=2026-03-06 trade_date=2026-03-09 close=315.00 tp_prob=54.27% lmt=-0.50% lmt_price=316.57 sl=20.00%
[HOLD] 4478.T | signal_date=2026-03-06 trade_date=2026-03-09 close=2415.00 tp_prob=56.85% lmt=-0.50% lmt_price=2427.07 sl=20.00%
[HOLD] 4481.T | signal_date=2026-03-06 trade_date=2026-03-09 close=3350.00 tp_prob=52.25% lmt=-0.50% lmt_price=3366.75 sl=20.00%
[HOLD] 4503.T | signal_date=2026-03-06 trade_date=2026-03-09 close=2404.00 tp_prob=54.67% lmt=-0.50% lmt_price=2416.02 sl=20.00%
[BUY] 4506.T | signal_date=2026-03-06 trade_date=2026-03-09 close=1920.50 tp_prob=66.09% lmt=-0.50% lmt_price=1930.10 sl=20.00% sl_price=1536.40
[HOLD] 4507.T | signal_date=2026-03-06 trade_date=2026-03-09 close=3451.00 tp_prob=47.42% lmt=-0.50% lmt_price=3468.25 sl=20.00%
[HOLD] 4684.T | signal_date=2026-03-06 trade_date=2026-03-09 close=4136.00 tp_prob=53.35% lmt=-0.50% lmt_price=4156.68 sl=20.00%
[HOLD] 4704.T | signal_date=2026-03-06 trade_date=2026-03-09 close=5508.00 tp_prob=55.41% lmt=-0.50% lmt_price=5535.54 sl=20.00%
[HOLD] 5032.T | signal_date=2026-03-06 trade_date=2026-03-09 close=3970.00 tp_prob=59.39% lmt=-0.50% lmt_price=3989.85 sl=20.00%
[HOLD] 5248.T | signal_date=2026-03-06 trade_date=2026-03-09 close=538.00 tp_prob=51.62% lmt=-0.50% lmt_price=540.69 sl=20.00%
[HOLD] 6027.T | signal_date=2026-03-06 trade_date=2026-03-09 close=2801.00 tp_prob=55.19% lmt=-0.50% lmt_price=2815.00 sl=20.00%
[HOLD] 6099.T | signal_date=2026-03-06 trade_date=2026-03-09 close=763.00 tp_prob=50.66% lmt=-0.50% lmt_price=766.81 sl=20.00%
[HOLD] 6412.T | signal_date=2026-03-06 trade_date=2026-03-09 close=1985.00 tp_prob=41.98% lmt=-0.50% lmt_price=1994.92 sl=20.00%
[HOLD] 6532.T | signal_date=2026-03-06 trade_date=2026-03-09 close=4766.00 tp_prob=53.80% lmt=-0.50% lmt_price=4789.83 sl=20.00%
[HOLD] 6648.T | signal_date=2026-03-06 trade_date=2026-03-09 close=2302.00 tp_prob=55.15% lmt=-0.50% lmt_price=2313.51 sl=20.00%
[HOLD] 6871.T | signal_date=2026-03-06 trade_date=2026-03-09 close=11270.00 tp_prob=56.42% lmt=-0.50% lmt_price=11326.35 sl=20.00%
[HOLD] 7003.T | signal_date=2026-03-06 trade_date=2026-03-09 close=6840.00 tp_prob=56.67% lmt=-0.50% lmt_price=6874.20 sl=20.00%
[HOLD] 7059.T | signal_date=2026-03-06 trade_date=2026-03-09 close=964.00 tp_prob=52.87% lmt=-0.50% lmt_price=968.82 sl=20.00%
[HOLD] 7088.T | signal_date=2026-03-06 trade_date=2026-03-09 close=1698.00 tp_prob=41.85% lmt=-0.50% lmt_price=1706.49 sl=20.00%
[HOLD] 7094.T | signal_date=2026-03-06 trade_date=2026-03-09 close=1664.00 tp_prob=50.79% lmt=-0.50% lmt_price=1672.32 sl=20.00%
[HOLD] 7095.T | signal_date=2026-03-06 trade_date=2026-03-09 close=1414.00 tp_prob=51.15% lmt=-0.50% lmt_price=1421.07 sl=20.00%
[HOLD] 7167.T | signal_date=2026-03-06 trade_date=2026-03-09 close=1255.50 tp_prob=53.47% lmt=-0.50% lmt_price=1261.78 sl=20.00%
[HOLD] 7199.T | signal_date=2026-03-06 trade_date=2026-03-09 close=1882.00 tp_prob=50.45% lmt=-0.50% lmt_price=1891.41 sl=20.00%
[HOLD] 7266.T | signal_date=2026-03-06 trade_date=2026-03-09 close=970.00 tp_prob=54.98% lmt=-0.50% lmt_price=974.85 sl=20.00%
[HOLD] 7327.T | signal_date=2026-03-06 trade_date=2026-03-09 close=2048.00 tp_prob=51.32% lmt=-0.50% lmt_price=2058.24 sl=20.00%
[HOLD] 7347.T | signal_date=2026-03-06 trade_date=2026-03-09 close=804.00 tp_prob=52.65% lmt=-0.50% lmt_price=808.02 sl=20.00%
[BUY] 7352.T | signal_date=2026-03-06 trade_date=2026-03-09 close=542.00 tp_prob=63.87% lmt=-0.50% lmt_price=544.71 sl=20.00% sl_price=433.60
[HOLD] 7581.T | signal_date=2026-03-06 trade_date=2026-03-09 close=6760.00 tp_prob=43.75% lmt=-0.50% lmt_price=6793.80 sl=20.00%
[HOLD] 7616.T | signal_date=2026-03-06 trade_date=2026-03-09 close=1869.50 tp_prob=43.52% lmt=-0.50% lmt_price=1878.85 sl=20.00%
[HOLD] 7685.T | signal_date=2026-03-06 trade_date=2026-03-09 close=6260.00 tp_prob=55.46% lmt=-0.50% lmt_price=6291.30 sl=20.00%
[HOLD] 7752.T | signal_date=2026-03-06 trade_date=2026-03-09 close=1373.50 tp_prob=55.25% lmt=-0.50% lmt_price=1380.37 sl=20.00%
[HOLD] 7874.T | signal_date=2026-03-06 trade_date=2026-03-09 close=1191.00 tp_prob=49.90% lmt=-0.50% lmt_price=1196.95 sl=20.00%
[HOLD] 7914.T | signal_date=2026-03-06 trade_date=2026-03-09 close=1685.00 tp_prob=50.06% lmt=-0.50% lmt_price=1693.42 sl=20.00%
[HOLD] 7936.T | signal_date=2026-03-06 trade_date=2026-03-09 close=4607.00 tp_prob=51.24% lmt=-0.50% lmt_price=4630.03 sl=20.00%
[HOLD] 8136.T | signal_date=2026-03-06 trade_date=2026-03-09 close=5816.00 tp_prob=53.74% lmt=-0.50% lmt_price=5845.08 sl=20.00%
[HOLD] 8316.T | signal_date=2026-03-06 trade_date=2026-03-09 close=5423.00 tp_prob=60.32% lmt=-0.50% lmt_price=5450.11 sl=20.00%
[HOLD] 8331.T | signal_date=2026-03-06 trade_date=2026-03-09 close=2116.50 tp_prob=59.79% lmt=-0.50% lmt_price=2127.08 sl=20.00%
[HOLD] 8365.T | signal_date=2026-03-06 trade_date=2026-03-09 close=2367.00 tp_prob=54.60% lmt=-0.50% lmt_price=2378.83 sl=20.00%
[HOLD] 8377.T | signal_date=2026-03-06 trade_date=2026-03-09 close=6031.00 tp_prob=51.75% lmt=-0.50% lmt_price=6061.15 sl=20.00%
[HOLD] 9166.T | signal_date=2026-03-06 trade_date=2026-03-09 close=656.00 tp_prob=54.02% lmt=-0.50% lmt_price=659.28 sl=20.00%
[HOLD] 9416.T | signal_date=2026-03-06 trade_date=2026-03-09 close=1232.00 tp_prob=52.84% lmt=-0.50% lmt_price=1238.16 sl=20.00%
[HOLD] 9556.T | signal_date=2026-03-06 trade_date=2026-03-09 close=2902.00 tp_prob=61.42% lmt=-0.50% lmt_price=2916.51 sl=20.00%
[HOLD] 9627.T | signal_date=2026-03-06 trade_date=2026-03-09 close=5627.00 tp_prob=53.48% lmt=-0.50% lmt_price=5655.13 sl=20.00%
[HOLD] 9889.T | signal_date=2026-03-06 trade_date=2026-03-09 close=1322.00 tp_prob=53.20% lmt=-0.50% lmt_price=1328.61 sl=20.00%
[HOLD] 135A.T | signal_date=2026-03-06 trade_date=2026-03-09 close=2471.00 tp_prob=58.95% lmt=-0.50% lmt_price=2483.35 sl=20.00%
[HOLD] 247A.T | signal_date=2026-03-06 trade_date=2026-03-09 close=1313.00 tp_prob=57.00% lmt=-0.50% lmt_price=1319.56 sl=20.00%
[HOLD] 285A.T | signal_date=2026-03-06 trade_date=2026-03-09 close=19975.00 tp_prob=56.30% lmt=-0.50% lmt_price=20074.87 sl=20.00%
[HOLD] 1330.T | signal_date=2026-03-06 trade_date=2026-03-09 close=57910.00 tp_prob=43.87% lmt=-0.50% lmt_price=58199.55 sl=20.00%
[DIV][group1] candidates=3 selected=3 max_corr=0.70 lookback=252
[PICK][group1] 3905.T tp_prob=66.52% sector=Technology
[PICK][group1] 4506.T tp_prob=66.09% sector=Healthcare
[PICK][group1] 7352.T tp_prob=63.87% sector=Industrials
[GROUP] start=group2 symbols=132
[DATA][group2] 1301.T -> data\prices\1301_T.csv
[DATA][group2] 1431.T -> data\prices\1431_T.csv
[DATA][group2] 1433.T -> data\prices\1433_T.csv
[DATA][group2] 2002.T -> data\prices\2002_T.csv
[DATA][group2] 2130.T -> data\prices\2130_T.csv
[DATA][group2] 2413.T -> data\prices\2413_T.csv
[DATA][group2] 2780.T -> data\prices\2780_T.csv
[DATA][group2] 3034.T -> data\prices\3034_T.csv
[DATA][group2] 3093.T -> data\prices\3093_T.csv
[DATA][group2] 3101.T -> data\prices\3101_T.csv
[DATA][group2] 3116.T -> data\prices\3116_T.csv
[DATA][group2] 3139.T -> data\prices\3139_T.csv
[DATA][group2] 3395.T -> data\prices\3395_T.csv
[DATA][group2] 3479.T -> data\prices\3479_T.csv
[DATA][group2] 3547.T -> data\prices\3547_T.csv
[DATA][group2] 3561.T -> data\prices\3561_T.csv
[DATA][group2] 3683.T -> data\prices\3683_T.csv
[DATA][group2] 3696.T -> data\prices\3696_T.csv
[DATA][group2] 3773.T -> data\prices\3773_T.csv
[DATA][group2] 3774.T -> data\prices\3774_T.csv
[DATA][group2] 3817.T -> data\prices\3817_T.csv
[DATA][group2] 3836.T -> data\prices\3836_T.csv
[DATA][group2] 3863.T -> data\prices\3863_T.csv
[DATA][group2] 3880.T -> data\prices\3880_T.csv
[DATA][group2] 3922.T -> data\prices\3922_T.csv
[DATA][group2] 3923.T -> data\prices\3923_T.csv
[DATA][group2] 3993.T -> data\prices\3993_T.csv
[DATA][group2] 4021.T -> data\prices\4021_T.csv
[DATA][group2] 4043.T -> data\prices\4043_T.csv
[DATA][group2] 4058.T -> data\prices\4058_T.csv
[DATA][group2] 4061.T -> data\prices\4061_T.csv
[DATA][group2] 4088.T -> data\prices\4088_T.csv
[DATA][group2] 4113.T -> data\prices\4113_T.csv
[DATA][group2] 4206.T -> data\prices\4206_T.csv
[DATA][group2] 4323.T -> data\prices\4323_T.csv
[DATA][group2] 4384.T -> data\prices\4384_T.csv
[DATA][group2] 4390.T -> data\prices\4390_T.csv
[DATA][group2] 4396.T -> data\prices\4396_T.csv
[DATA][group2] 4414.T -> data\prices\4414_T.csv
[DATA][group2] 4431.T -> data\prices\4431_T.csv
[DATA][group2] 4475.T -> data\prices\4475_T.csv
[DATA][group2] 4493.T -> data\prices\4493_T.csv
[DATA][group2] 4502.T -> data\prices\4502_T.csv
[DATA][group2] 4554.T -> data\prices\4554_T.csv
[DATA][group2] 4578.T -> data\prices\4578_T.csv
[DATA][group2] 4612.T -> data\prices\4612_T.csv
[DATA][group2] 4633.T -> data\prices\4633_T.csv
[DATA][group2] 4687.T -> data\prices\4687_T.csv
[DATA][group2] 4719.T -> data\prices\4719_T.csv
[DATA][group2] 4722.T -> data\prices\4722_T.csv
[DATA][group2] 4746.T -> data\prices\4746_T.csv
[DATA][group2] 4751.T -> data\prices\4751_T.csv
[DATA][group2] 4776.T -> data\prices\4776_T.csv
[DATA][group2] 4985.T -> data\prices\4985_T.csv
[DATA][group2] 5036.T -> data\prices\5036_T.csv
[DATA][group2] 5185.T -> data\prices\5185_T.csv
[DATA][group2] 5994.T -> data\prices\5994_T.csv
[DATA][group2] 6040.T -> data\prices\6040_T.csv
[DATA][group2] 6071.T -> data\prices\6071_T.csv
[DATA][group2] 6080.T -> data\prices\6080_T.csv
[DATA][group2] 6098.T -> data\prices\6098_T.csv
[DATA][group2] 6101.T -> data\prices\6101_T.csv
[DATA][group2] 6134.T -> data\prices\6134_T.csv
[DATA][group2] 6196.T -> data\prices\6196_T.csv
[DATA][group2] 6309.T -> data\prices\6309_T.csv
[DATA][group2] 6328.T -> data\prices\6328_T.csv
[DATA][group2] 6357.T -> data\prices\6357_T.csv
[DATA][group2] 6370.T -> data\prices\6370_T.csv
[DATA][group2] 6383.T -> data\prices\6383_T.csv
[DATA][group2] 6859.T -> data\prices\6859_T.csv
[DATA][group2] 6929.T -> data\prices\6929_T.csv
[DATA][group2] 7373.T -> data\prices\7373_T.csv
[DATA][group2] 7419.T -> data\prices\7419_T.csv
[DATA][group2] 7508.T -> data\prices\7508_T.csv
[DATA][group2] 7649.T -> data\prices\7649_T.csv
[DATA][group2] 7679.T -> data\prices\7679_T.csv
[DATA][group2] 7717.T -> data\prices\7717_T.csv
[DATA][group2] 7751.T -> data\prices\7751_T.csv
[DATA][group2] 7806.T -> data\prices\7806_T.csv
[DATA][group2] 8020.T -> data\prices\8020_T.csv
[DATA][group2] 8086.T -> data\prices\8086_T.csv
[DATA][group2] 9142.T -> data\prices\9142_T.csv
[DATA][group2] 9145.T -> data\prices\9145_T.csv
[DATA][group2] 9245.T -> data\prices\9245_T.csv
[DATA][group2] 9252.T -> data\prices\9252_T.csv
[DATA][group2] 9467.T -> data\prices\9467_T.csv
[DATA][group2] 9697.T -> data\prices\9697_T.csv
[SECTOR][group2] symbols=132 unique=9 index_loaded=9
[ML][group2] trained_rows=532611 symbols=132 features=22
[OPTRET][group2] threshold=0.70 stop_loss=20.00% limit=-3.00% win_rate=88.86% avg_fill=2.78% avg_signal=1.93% fills=377/544 constraints(fill_rate>=10.00%, monthly_fills>=0.00)
[FALLBACK][group2] threshold=0.70->0.60 buy_signals=6
[HOLD] 1301.T | signal_date=2026-03-06 trade_date=2026-03-09 close=5170.00 tp_prob=43.05% lmt=-3.00% lmt_price=5325.10 sl=20.00%
[HOLD] 1417.T | signal_date=2026-03-06 trade_date=2026-03-09 close=3722.00 tp_prob=53.15% lmt=-3.00% lmt_price=3833.66 sl=20.00%
[HOLD] 1431.T | signal_date=2026-03-06 trade_date=2026-03-09 close=655.00 tp_prob=41.81% lmt=-3.00% lmt_price=674.65 sl=20.00%
[HOLD] 1433.T | signal_date=2026-03-06 trade_date=2026-03-09 close=1280.00 tp_prob=53.84% lmt=-3.00% lmt_price=1318.40 sl=20.00%
[HOLD] 1861.T | signal_date=2026-03-06 trade_date=2026-03-09 close=1746.00 tp_prob=59.19% lmt=-3.00% lmt_price=1798.38 sl=20.00%
[HOLD] 1963.T | signal_date=2026-03-06 trade_date=2026-03-09 close=2210.50 tp_prob=55.59% lmt=-3.00% lmt_price=2276.82 sl=20.00%
[HOLD] 2002.T | signal_date=2026-03-06 trade_date=2026-03-09 close=2110.00 tp_prob=39.82% lmt=-3.00% lmt_price=2173.30 sl=20.00%
[HOLD] 2130.T | signal_date=2026-03-06 trade_date=2026-03-09 close=1127.00 tp_prob=53.86% lmt=-3.00% lmt_price=1160.81 sl=20.00%
[HOLD] 2181.T | signal_date=2026-03-06 trade_date=2026-03-09 close=243.80 tp_prob=49.33% lmt=-3.00% lmt_price=251.11 sl=20.00%
[HOLD] 2212.T | signal_date=2026-03-06 trade_date=2026-03-09 close=3364.00 tp_prob=47.06% lmt=-3.00% lmt_price=3464.92 sl=20.00%
[HOLD] 2413.T | signal_date=2026-03-06 trade_date=2026-03-09 close=1645.50 tp_prob=50.67% lmt=-3.00% lmt_price=1694.87 sl=20.00%
[HOLD] 2492.T | signal_date=2026-03-06 trade_date=2026-03-09 close=420.00 tp_prob=53.15% lmt=-3.00% lmt_price=432.60 sl=20.00%
[HOLD] 2780.T | signal_date=2026-03-06 trade_date=2026-03-09 close=5090.00 tp_prob=56.02% lmt=-3.00% lmt_price=5242.70 sl=20.00%
[HOLD] 2914.T | signal_date=2026-03-06 trade_date=2026-03-09 close=5714.00 tp_prob=43.43% lmt=-3.00% lmt_price=5885.42 sl=20.00%
[HOLD] 2982.T | signal_date=2026-03-06 trade_date=2026-03-09 close=440.00 tp_prob=52.93% lmt=-3.00% lmt_price=453.20 sl=20.00%
[HOLD] 2983.T | signal_date=2026-03-06 trade_date=2026-03-09 close=2100.00 tp_prob=54.79% lmt=-3.00% lmt_price=2163.00 sl=20.00%
[HOLD] 3034.T | signal_date=2026-03-06 trade_date=2026-03-09 close=1856.00 tp_prob=51.49% lmt=-3.00% lmt_price=1911.68 sl=20.00%
[HOLD] 3064.T | signal_date=2026-03-06 trade_date=2026-03-09 close=1986.00 tp_prob=51.48% lmt=-3.00% lmt_price=2045.58 sl=20.00%
[HOLD] 3093.T | signal_date=2026-03-06 trade_date=2026-03-09 close=1848.00 tp_prob=50.22% lmt=-3.00% lmt_price=1903.44 sl=20.00%
[HOLD] 3101.T | signal_date=2026-03-06 trade_date=2026-03-09 close=1604.00 tp_prob=55.49% lmt=-3.00% lmt_price=1652.12 sl=20.00%
[HOLD] 3104.T | signal_date=2026-03-06 trade_date=2026-03-09 close=10590.00 tp_prob=50.69% lmt=-3.00% lmt_price=10907.70 sl=20.00%
[HOLD] 3116.T | signal_date=2026-03-06 trade_date=2026-03-09 close=2900.50 tp_prob=53.42% lmt=-3.00% lmt_price=2987.51 sl=20.00%
[HOLD] 3139.T | signal_date=2026-03-06 trade_date=2026-03-09 close=3685.00 tp_prob=42.27% lmt=-3.00% lmt_price=3795.55 sl=20.00%
[HOLD] 3186.T | signal_date=2026-03-06 trade_date=2026-03-09 close=3135.00 tp_prob=59.12% lmt=-3.00% lmt_price=3229.05 sl=20.00%
[HOLD] 3391.T | signal_date=2026-03-06 trade_date=2026-03-09 close=2272.50 tp_prob=59.34% lmt=-3.00% lmt_price=2340.68 sl=20.00%
[HOLD] 3395.T | signal_date=2026-03-06 trade_date=2026-03-09 close=3145.00 tp_prob=42.74% lmt=-3.00% lmt_price=3239.35 sl=20.00%
[HOLD] 3397.T | signal_date=2026-03-06 trade_date=2026-03-09 close=4253.00 tp_prob=43.99% lmt=-3.00% lmt_price=4380.59 sl=20.00%
[HOLD] 3452.T | signal_date=2026-03-06 trade_date=2026-03-09 close=1587.00 tp_prob=49.66% lmt=-3.00% lmt_price=1634.61 sl=20.00%
[HOLD] 3479.T | signal_date=2026-03-06 trade_date=2026-03-09 close=1946.00 tp_prob=56.85% lmt=-3.00% lmt_price=2004.38 sl=20.00%
[HOLD] 3489.T | signal_date=2026-03-06 trade_date=2026-03-09 close=934.00 tp_prob=51.21% lmt=-3.00% lmt_price=962.02 sl=20.00%
[HOLD] 3496.T | signal_date=2026-03-06 trade_date=2026-03-09 close=4795.00 tp_prob=50.97% lmt=-3.00% lmt_price=4938.85 sl=20.00%
[HOLD] 3498.T | signal_date=2026-03-06 trade_date=2026-03-09 close=7250.00 tp_prob=53.81% lmt=-3.00% lmt_price=7467.50 sl=20.00%
[HOLD] 3547.T | signal_date=2026-03-06 trade_date=2026-03-09 close=1921.00 tp_prob=50.26% lmt=-3.00% lmt_price=1978.63 sl=20.00%
[HOLD] 3561.T | signal_date=2026-03-06 trade_date=2026-03-09 close=1493.00 tp_prob=43.18% lmt=-3.00% lmt_price=1537.79 sl=20.00%
[HOLD] 3563.T | signal_date=2026-03-06 trade_date=2026-03-09 close=9260.00 tp_prob=57.07% lmt=-3.00% lmt_price=9537.80 sl=20.00%
[HOLD] 3661.T | signal_date=2026-03-06 trade_date=2026-03-09 close=703.00 tp_prob=58.99% lmt=-3.00% lmt_price=724.09 sl=20.00%
[HOLD] 3683.T | signal_date=2026-03-06 trade_date=2026-03-09 close=1144.00 tp_prob=56.63% lmt=-3.00% lmt_price=1178.32 sl=20.00%
[HOLD] 3696.T | signal_date=2026-03-06 trade_date=2026-03-09 close=1574.00 tp_prob=57.39% lmt=-3.00% lmt_price=1621.22 sl=20.00%
[HOLD] 3697.T | signal_date=2026-03-06 trade_date=2026-03-09 close=732.90 tp_prob=53.17% lmt=-3.00% lmt_price=754.89 sl=20.00%
[HOLD] 3762.T | signal_date=2026-03-06 trade_date=2026-03-09 close=1846.00 tp_prob=51.14% lmt=-3.00% lmt_price=1901.38 sl=20.00%
[HOLD] 3771.T | signal_date=2026-03-06 trade_date=2026-03-09 close=1793.00 tp_prob=50.68% lmt=-3.00% lmt_price=1846.79 sl=20.00%
[HOLD] 3773.T | signal_date=2026-03-06 trade_date=2026-03-09 close=1040.00 tp_prob=58.90% lmt=-3.00% lmt_price=1071.20 sl=20.00%
[HOLD] 3774.T | signal_date=2026-03-06 trade_date=2026-03-09 close=2253.50 tp_prob=52.68% lmt=-3.00% lmt_price=2321.11 sl=20.00%
[HOLD] 3817.T | signal_date=2026-03-06 trade_date=2026-03-09 close=4965.00 tp_prob=49.94% lmt=-3.00% lmt_price=5113.95 sl=20.00%
[HOLD] 3836.T | signal_date=2026-03-06 trade_date=2026-03-09 close=1425.00 tp_prob=52.40% lmt=-3.00% lmt_price=1467.75 sl=20.00%
[HOLD] 3863.T | signal_date=2026-03-06 trade_date=2026-03-09 close=1271.00 tp_prob=45.57% lmt=-3.00% lmt_price=1309.13 sl=20.00%
[HOLD] 3880.T | signal_date=2026-03-06 trade_date=2026-03-09 close=1137.00 tp_prob=50.10% lmt=-3.00% lmt_price=1171.11 sl=20.00%
[HOLD] 3922.T | signal_date=2026-03-06 trade_date=2026-03-09 close=2321.00 tp_prob=47.52% lmt=-3.00% lmt_price=2390.63 sl=20.00%
[HOLD] 3923.T | signal_date=2026-03-06 trade_date=2026-03-09 close=884.00 tp_prob=53.15% lmt=-3.00% lmt_price=910.52 sl=20.00%
[HOLD] 3993.T | signal_date=2026-03-06 trade_date=2026-03-09 close=3335.00 tp_prob=53.62% lmt=-3.00% lmt_price=3435.05 sl=20.00%
[HOLD] 4013.T | signal_date=2026-03-06 trade_date=2026-03-09 close=734.00 tp_prob=58.80% lmt=-3.00% lmt_price=756.02 sl=20.00%
[HOLD] 4021.T | signal_date=2026-03-06 trade_date=2026-03-09 close=6459.00 tp_prob=55.16% lmt=-3.00% lmt_price=6652.77 sl=20.00%
[HOLD] 4043.T | signal_date=2026-03-06 trade_date=2026-03-09 close=4129.00 tp_prob=54.16% lmt=-3.00% lmt_price=4252.87 sl=20.00%
[HOLD] 4058.T | signal_date=2026-03-06 trade_date=2026-03-09 close=1890.00 tp_prob=56.80% lmt=-3.00% lmt_price=1946.70 sl=20.00%
[HOLD] 4061.T | signal_date=2026-03-06 trade_date=2026-03-09 close=3540.00 tp_prob=51.88% lmt=-3.00% lmt_price=3646.20 sl=20.00%
[HOLD] 4071.T | signal_date=2026-03-06 trade_date=2026-03-09 close=2263.00 tp_prob=51.05% lmt=-3.00% lmt_price=2330.89 sl=20.00%
[HOLD] 4088.T | signal_date=2026-03-06 trade_date=2026-03-09 close=2093.50 tp_prob=56.35% lmt=-3.00% lmt_price=2156.30 sl=20.00%
[HOLD] 4113.T | signal_date=2026-03-06 trade_date=2026-03-09 close=1048.00 tp_prob=59.60% lmt=-3.00% lmt_price=1079.44 sl=20.00%
[HOLD] 4180.T | signal_date=2026-03-06 trade_date=2026-03-09 close=833.00 tp_prob=55.96% lmt=-3.00% lmt_price=857.99 sl=20.00%
[HOLD] 4206.T | signal_date=2026-03-06 trade_date=2026-03-09 close=3823.00 tp_prob=43.03% lmt=-3.00% lmt_price=3937.69 sl=20.00%
[HOLD] 4323.T | signal_date=2026-03-06 trade_date=2026-03-09 close=2037.00 tp_prob=52.27% lmt=-3.00% lmt_price=2098.11 sl=20.00%
[HOLD] 4384.T | signal_date=2026-03-06 trade_date=2026-03-09 close=1895.00 tp_prob=41.92% lmt=-3.00% lmt_price=1951.85 sl=20.00%
[HOLD] 4390.T | signal_date=2026-03-06 trade_date=2026-03-09 close=3310.00 tp_prob=53.25% lmt=-3.00% lmt_price=3409.30 sl=20.00%
[HOLD] 4396.T | signal_date=2026-03-06 trade_date=2026-03-09 close=1237.00 tp_prob=52.11% lmt=-3.00% lmt_price=1274.11 sl=20.00%
[HOLD] 4413.T | signal_date=2026-03-06 trade_date=2026-03-09 close=1992.00 tp_prob=52.65% lmt=-3.00% lmt_price=2051.76 sl=20.00%
[HOLD] 4414.T | signal_date=2026-03-06 trade_date=2026-03-09 close=1277.00 tp_prob=58.25% lmt=-3.00% lmt_price=1315.31 sl=20.00%
[HOLD] 4431.T | signal_date=2026-03-06 trade_date=2026-03-09 close=2463.00 tp_prob=52.63% lmt=-3.00% lmt_price=2536.89 sl=20.00%
[HOLD] 4443.T | signal_date=2026-03-06 trade_date=2026-03-09 close=1240.00 tp_prob=53.18% lmt=-3.00% lmt_price=1277.20 sl=20.00%
[HOLD] 4475.T | signal_date=2026-03-06 trade_date=2026-03-09 close=1028.00 tp_prob=53.13% lmt=-3.00% lmt_price=1058.84 sl=20.00%
[HOLD] 4477.T | signal_date=2026-03-06 trade_date=2026-03-09 close=315.00 tp_prob=52.80% lmt=-3.00% lmt_price=324.45 sl=20.00%
[HOLD] 4481.T | signal_date=2026-03-06 trade_date=2026-03-09 close=3350.00 tp_prob=50.98% lmt=-3.00% lmt_price=3450.50 sl=20.00%
[HOLD] 4493.T | signal_date=2026-03-06 trade_date=2026-03-09 close=1655.00 tp_prob=57.95% lmt=-3.00% lmt_price=1704.65 sl=20.00%
[HOLD] 4502.T | signal_date=2026-03-06 trade_date=2026-03-09 close=5687.00 tp_prob=42.28% lmt=-3.00% lmt_price=5857.61 sl=20.00%
[HOLD] 4503.T | signal_date=2026-03-06 trade_date=2026-03-09 close=2404.00 tp_prob=52.73% lmt=-3.00% lmt_price=2476.12 sl=20.00%
[HOLD] 4554.T | signal_date=2026-03-06 trade_date=2026-03-09 close=2346.00 tp_prob=50.32% lmt=-3.00% lmt_price=2416.38 sl=20.00%
[HOLD] 4578.T | signal_date=2026-03-06 trade_date=2026-03-09 close=10060.00 tp_prob=51.63% lmt=-3.00% lmt_price=10361.80 sl=20.00%
[HOLD] 4612.T | signal_date=2026-03-06 trade_date=2026-03-09 close=1068.00 tp_prob=54.67% lmt=-3.00% lmt_price=1100.04 sl=20.00%
[HOLD] 4633.T | signal_date=2026-03-06 trade_date=2026-03-09 close=2545.00 tp_prob=50.13% lmt=-3.00% lmt_price=2621.35 sl=20.00%
[HOLD] 4687.T | signal_date=2026-03-06 trade_date=2026-03-09 close=1050.00 tp_prob=53.17% lmt=-3.00% lmt_price=1081.50 sl=20.00%
[HOLD] 4719.T | signal_date=2026-03-06 trade_date=2026-03-09 close=3625.00 tp_prob=43.38% lmt=-3.00% lmt_price=3733.75 sl=20.00%
[HOLD] 4722.T | signal_date=2026-03-06 trade_date=2026-03-09 close=1706.00 tp_prob=53.88% lmt=-3.00% lmt_price=1757.18 sl=20.00%
[HOLD] 4746.T | signal_date=2026-03-06 trade_date=2026-03-09 close=4265.00 tp_prob=43.39% lmt=-3.00% lmt_price=4392.95 sl=20.00%
[HOLD] 4751.T | signal_date=2026-03-06 trade_date=2026-03-09 close=1278.00 tp_prob=56.54% lmt=-3.00% lmt_price=1316.34 sl=20.00%
[HOLD] 4776.T | signal_date=2026-03-06 trade_date=2026-03-09 close=2344.00 tp_prob=53.09% lmt=-3.00% lmt_price=2414.32 sl=20.00%
[HOLD] 4985.T | signal_date=2026-03-06 trade_date=2026-03-09 close=4880.00 tp_prob=41.58% lmt=-3.00% lmt_price=5026.40 sl=20.00%
[BUY] 5032.T | signal_date=2026-03-06 trade_date=2026-03-09 close=3970.00 tp_prob=60.34% lmt=-3.00% lmt_price=4089.10 sl=20.00% sl_price=3176.00
[HOLD] 5036.T | signal_date=2026-03-06 trade_date=2026-03-09 close=1589.00 tp_prob=50.87% lmt=-3.00% lmt_price=1636.67 sl=20.00%
[HOLD] 5185.T | signal_date=2026-03-06 trade_date=2026-03-09 close=1913.00 tp_prob=47.73% lmt=-3.00% lmt_price=1970.39 sl=20.00%
[BUY] 5994.T | signal_date=2026-03-06 trade_date=2026-03-09 close=1624.00 tp_prob=60.86% lmt=-3.00% lmt_price=1672.72 sl=20.00% sl_price=1299.20
[HOLD] 6027.T | signal_date=2026-03-06 trade_date=2026-03-09 close=2801.00 tp_prob=54.45% lmt=-3.00% lmt_price=2885.03 sl=20.00%
[HOLD] 6040.T | signal_date=2026-03-06 trade_date=2026-03-09 close=465.00 tp_prob=50.61% lmt=-3.00% lmt_price=478.95 sl=20.00%
[HOLD] 6071.T | signal_date=2026-03-06 trade_date=2026-03-09 close=741.00 tp_prob=50.49% lmt=-3.00% lmt_price=763.23 sl=20.00%
[HOLD] 6080.T | signal_date=2026-03-06 trade_date=2026-03-09 close=3495.00 tp_prob=52.82% lmt=-3.00% lmt_price=3599.85 sl=20.00%
[HOLD] 6098.T | signal_date=2026-03-06 trade_date=2026-03-09 close=7002.00 tp_prob=53.65% lmt=-3.00% lmt_price=7212.06 sl=20.00%
[HOLD] 6099.T | signal_date=2026-03-06 trade_date=2026-03-09 close=763.00 tp_prob=49.38% lmt=-3.00% lmt_price=785.89 sl=20.00%
[HOLD] 6101.T | signal_date=2026-03-06 trade_date=2026-03-09 close=3790.00 tp_prob=50.83% lmt=-3.00% lmt_price=3903.70 sl=20.00%
[HOLD] 6134.T | signal_date=2026-03-06 trade_date=2026-03-09 close=5580.00 tp_prob=55.93% lmt=-3.00% lmt_price=5747.40 sl=20.00%
[HOLD] 6196.T | signal_date=2026-03-06 trade_date=2026-03-09 close=4425.00 tp_prob=51.37% lmt=-3.00% lmt_price=4557.75 sl=20.00%
[HOLD] 6309.T | signal_date=2026-03-06 trade_date=2026-03-09 close=2082.00 tp_prob=52.58% lmt=-3.00% lmt_price=2144.46 sl=20.00%
[HOLD] 6328.T | signal_date=2026-03-06 trade_date=2026-03-09 close=2703.00 tp_prob=55.01% lmt=-3.00% lmt_price=2784.09 sl=20.00%
[HOLD] 6357.T | signal_date=2026-03-06 trade_date=2026-03-09 close=2325.00 tp_prob=59.24% lmt=-3.00% lmt_price=2394.75 sl=20.00%
[HOLD] 6370.T | signal_date=2026-03-06 trade_date=2026-03-09 close=8140.00 tp_prob=51.89% lmt=-3.00% lmt_price=8384.20 sl=20.00%
[HOLD] 6383.T | signal_date=2026-03-06 trade_date=2026-03-09 close=5760.00 tp_prob=54.00% lmt=-3.00% lmt_price=5932.80 sl=20.00%
[HOLD] 6859.T | signal_date=2026-03-06 trade_date=2026-03-09 close=3600.00 tp_prob=53.85% lmt=-3.00% lmt_price=3708.00 sl=20.00%
[HOLD] 6929.T | signal_date=2026-03-06 trade_date=2026-03-09 close=3735.00 tp_prob=45.82% lmt=-3.00% lmt_price=3847.05 sl=20.00%
[HOLD] 7059.T | signal_date=2026-03-06 trade_date=2026-03-09 close=964.00 tp_prob=52.28% lmt=-3.00% lmt_price=992.92 sl=20.00%
[HOLD] 7088.T | signal_date=2026-03-06 trade_date=2026-03-09 close=1698.00 tp_prob=41.30% lmt=-3.00% lmt_price=1748.94 sl=20.00%
[HOLD] 7167.T | signal_date=2026-03-06 trade_date=2026-03-09 close=1255.50 tp_prob=53.23% lmt=-3.00% lmt_price=1293.16 sl=20.00%
[BUY] 7352.T | signal_date=2026-03-06 trade_date=2026-03-09 close=542.00 tp_prob=63.43% lmt=-3.00% lmt_price=558.26 sl=20.00% sl_price=433.60
[HOLD] 7373.T | signal_date=2026-03-06 trade_date=2026-03-09 close=1892.00 tp_prob=52.03% lmt=-3.00% lmt_price=1948.76 sl=20.00%
[HOLD] 7419.T | signal_date=2026-03-06 trade_date=2026-03-09 close=1114.00 tp_prob=47.27% lmt=-3.00% lmt_price=1147.42 sl=20.00%
[HOLD] 7508.T | signal_date=2026-03-06 trade_date=2026-03-09 close=1421.00 tp_prob=47.81% lmt=-3.00% lmt_price=1463.63 sl=20.00%
[HOLD] 7649.T | signal_date=2026-03-06 trade_date=2026-03-09 close=3511.00 tp_prob=42.98% lmt=-3.00% lmt_price=3616.33 sl=20.00%
[HOLD] 7679.T | signal_date=2026-03-06 trade_date=2026-03-09 close=1998.00 tp_prob=42.75% lmt=-3.00% lmt_price=2057.94 sl=20.00%
[HOLD] 7717.T | signal_date=2026-03-06 trade_date=2026-03-09 close=4480.00 tp_prob=53.28% lmt=-3.00% lmt_price=4614.40 sl=20.00%
[HOLD] 7751.T | signal_date=2026-03-06 trade_date=2026-03-09 close=4521.00 tp_prob=44.00% lmt=-3.00% lmt_price=4656.63 sl=20.00%
[HOLD] 7752.T | signal_date=2026-03-06 trade_date=2026-03-09 close=1373.50 tp_prob=54.94% lmt=-3.00% lmt_price=1414.70 sl=20.00%
[HOLD] 7806.T | signal_date=2026-03-06 trade_date=2026-03-09 close=5800.00 tp_prob=52.84% lmt=-3.00% lmt_price=5974.00 sl=20.00%
[HOLD] 8020.T | signal_date=2026-03-06 trade_date=2026-03-09 close=2326.00 tp_prob=50.74% lmt=-3.00% lmt_price=2395.78 sl=20.00%
[HOLD] 8086.T | signal_date=2026-03-06 trade_date=2026-03-09 close=1555.00 tp_prob=42.28% lmt=-3.00% lmt_price=1601.65 sl=20.00%
[HOLD] 8136.T | signal_date=2026-03-06 trade_date=2026-03-09 close=5816.00 tp_prob=52.75% lmt=-3.00% lmt_price=5990.48 sl=20.00%
[BUY] 8316.T | signal_date=2026-03-06 trade_date=2026-03-09 close=5423.00 tp_prob=60.89% lmt=-3.00% lmt_price=5585.69 sl=20.00% sl_price=4338.40
[BUY] 8331.T | signal_date=2026-03-06 trade_date=2026-03-09 close=2116.50 tp_prob=60.50% lmt=-3.00% lmt_price=2179.99 sl=20.00% sl_price=1693.20
[HOLD] 9142.T | signal_date=2026-03-06 trade_date=2026-03-09 close=3811.00 tp_prob=42.17% lmt=-3.00% lmt_price=3925.33 sl=20.00%
[BUY] 9145.T | signal_date=2026-03-06 trade_date=2026-03-09 close=713.00 tp_prob=60.34% lmt=-3.00% lmt_price=734.39 sl=20.00% sl_price=570.40
[HOLD] 9245.T | signal_date=2026-03-06 trade_date=2026-03-09 close=2202.00 tp_prob=46.42% lmt=-3.00% lmt_price=2268.06 sl=20.00%
[HOLD] 9252.T | signal_date=2026-03-06 trade_date=2026-03-09 close=4575.00 tp_prob=53.00% lmt=-3.00% lmt_price=4712.25 sl=20.00%
[HOLD] 9416.T | signal_date=2026-03-06 trade_date=2026-03-09 close=1232.00 tp_prob=53.45% lmt=-3.00% lmt_price=1268.96 sl=20.00%
[HOLD] 9467.T | signal_date=2026-03-06 trade_date=2026-03-09 close=1339.00 tp_prob=53.53% lmt=-3.00% lmt_price=1379.17 sl=20.00%
[HOLD] 9627.T | signal_date=2026-03-06 trade_date=2026-03-09 close=5627.00 tp_prob=53.75% lmt=-3.00% lmt_price=5795.81 sl=20.00%
[HOLD] 9697.T | signal_date=2026-03-06 trade_date=2026-03-09 close=3383.00 tp_prob=56.66% lmt=-3.00% lmt_price=3484.49 sl=20.00%
[HOLD] 135A.T | signal_date=2026-03-06 trade_date=2026-03-09 close=2471.00 tp_prob=58.06% lmt=-3.00% lmt_price=2545.13 sl=20.00%
[DIV][group2] candidates=6 selected=5 max_corr=0.70 lookback=252
[PICK][group2] 7352.T tp_prob=63.43% sector=Industrials
[PICK][group2] 8316.T tp_prob=60.89% sector=Financial Services
[PICK][group2] 5994.T tp_prob=60.86% sector=Industrials
[PICK][group2] 9145.T tp_prob=60.34% sector=Industrials
[PICK][group2] 5032.T tp_prob=60.34% sector=Communication Services
[GROUP] start=group3 symbols=99
[DATA][group3] 1376.T -> data\prices\1376_T.csv
[DATA][group3] 2395.T -> data\prices\2395_T.csv
[DATA][group3] 2698.T -> data\prices\2698_T.csv
[DATA][group3] 3110.T -> data\prices\3110_T.csv
[DATA][group3] 3182.T -> data\prices\3182_T.csv
[DATA][group3] 1925.T -> data\prices\1925_T.csv
[DATA][group3] 1945.T -> data\prices\1945_T.csv
[DATA][group3] 2146.T -> data\prices\2146_T.csv
[DATA][group3] 2157.T -> data\prices\2157_T.csv
[DATA][group3] 2674.T -> data\prices\2674_T.csv
[DATA][group3] 2676.T -> data\prices\2676_T.csv
[DATA][group3] 2751.T -> data\prices\2751_T.csv
[DATA][group3] 2752.T -> data\prices\2752_T.csv
[ERROR][group3] TYO:2928: No price data from stooq: TYO:2928
[DATA][group3] 2970.T -> data\prices\2970_T.csv
[ERROR][group3] TYO:3141: No price data from stooq: TYO:3141
[DATA][group3] 3222.T -> data\prices\3222_T.csv
[DATA][group3] 3271.T -> data\prices\3271_T.csv
[DATA][group3] 3608.T -> data\prices\3608_T.csv
[DATA][group3] 3663.T -> data\prices\3663_T.csv
[DATA][group3] 3687.T -> data\prices\3687_T.csv
[DATA][group3] 3695.T -> data\prices\3695_T.csv
[DATA][group3] 3769.T -> data\prices\3769_T.csv
[DATA][group3] 3854.T -> data\prices\3854_T.csv
[DATA][group3] 4183.T -> data\prices\4183_T.csv
[DATA][group3] 4343.T -> data\prices\4343_T.csv
[DATA][group3] 4369.T -> data\prices\4369_T.csv
[DATA][group3] 4377.T -> data\prices\4377_T.csv
[DATA][group3] 4480.T -> data\prices\4480_T.csv
[DATA][group3] 4917.T -> data\prices\4917_T.csv
[DATA][group3] 5201.T -> data\prices\5201_T.csv
[DATA][group3] 6036.T -> data\prices\6036_T.csv
[DATA][group3] 6088.T -> data\prices\6088_T.csv
[DATA][group3] 6273.T -> data\prices\6273_T.csv
[DATA][group3] 6524.T -> data\prices\6524_T.csv
[DATA][group3] 6920.T -> data\prices\6920_T.csv
[ERROR][group3] TYO:7163: No price data from stooq: TYO:7163
[DATA][group3] 7318.T -> data\prices\7318_T.csv
[DATA][group3] 7803.T -> data\prices\7803_T.csv
[DATA][group3] 7818.T -> data\prices\7818_T.csv
[DATA][group3] 8309.T -> data\prices\8309_T.csv
[DATA][group3] 9449.T -> data\prices\9449_T.csv
[DATA][group3] 9766.T -> data\prices\9766_T.csv
[SECTOR][group3] symbols=92 unique=9 index_loaded=9
[ML][group3] trained_rows=355568 symbols=92 features=22
[OPTRET][group3] threshold=0.70 stop_loss=20.00% limit=-3.00% win_rate=86.91% avg_fill=2.21% avg_signal=1.54% fills=298/428 constraints(fill_rate>=10.00%, monthly_fills>=0.00)
[FALLBACK][group3] threshold=0.70->0.60 buy_signals=5
[HOLD] 1376.T | signal_date=2026-03-06 trade_date=2026-03-09 close=1464.00 tp_prob=44.19% lmt=-3.00% lmt_price=1507.92 sl=20.00%
[HOLD] 1417.T | signal_date=2026-03-06 trade_date=2026-03-09 close=3722.00 tp_prob=54.64% lmt=-3.00% lmt_price=3833.66 sl=20.00%
[HOLD] 2395.T | signal_date=2026-03-06 trade_date=2026-03-09 close=1599.00 tp_prob=56.33% lmt=-3.00% lmt_price=1646.97 sl=20.00%
[HOLD] 2698.T | signal_date=2026-03-06 trade_date=2026-03-09 close=3230.00 tp_prob=52.50% lmt=-3.00% lmt_price=3326.90 sl=20.00%
[HOLD] 2980.T | signal_date=2026-03-06 trade_date=2026-03-09 close=2845.00 tp_prob=54.24% lmt=-3.00% lmt_price=2930.35 sl=20.00%
[HOLD] 3110.T | signal_date=2026-03-06 trade_date=2026-03-09 close=23810.00 tp_prob=54.75% lmt=-3.00% lmt_price=24524.30 sl=20.00%
[HOLD] 3182.T | signal_date=2026-03-06 trade_date=2026-03-09 close=1399.00 tp_prob=44.61% lmt=-3.00% lmt_price=1440.97 sl=20.00%
[HOLD] 135A.T | signal_date=2026-03-06 trade_date=2026-03-09 close=2471.00 tp_prob=59.73% lmt=-3.00% lmt_price=2545.13 sl=20.00%
[HOLD] 1417.T | signal_date=2026-03-06 trade_date=2026-03-09 close=3722.00 tp_prob=54.64% lmt=-3.00% lmt_price=3833.66 sl=20.00%
[HOLD] 1860.T | signal_date=2026-03-06 trade_date=2026-03-09 close=1584.00 tp_prob=49.46% lmt=-3.00% lmt_price=1631.52 sl=20.00%
[HOLD] 1925.T | signal_date=2026-03-06 trade_date=2026-03-09 close=5331.00 tp_prob=45.55% lmt=-3.00% lmt_price=5490.93 sl=20.00%
[HOLD] 1945.T | signal_date=2026-03-06 trade_date=2026-03-09 close=1836.00 tp_prob=52.96% lmt=-3.00% lmt_price=1891.08 sl=20.00%
[HOLD] 1963.T | signal_date=2026-03-06 trade_date=2026-03-09 close=2210.50 tp_prob=56.73% lmt=-3.00% lmt_price=2276.82 sl=20.00%
[HOLD] 2146.T | signal_date=2026-03-06 trade_date=2026-03-09 close=209.00 tp_prob=51.31% lmt=-3.00% lmt_price=215.27 sl=20.00%
[HOLD] 2157.T | signal_date=2026-03-06 trade_date=2026-03-09 close=1093.00 tp_prob=51.17% lmt=-3.00% lmt_price=1125.79 sl=20.00%
[HOLD] 2395.T | signal_date=2026-03-06 trade_date=2026-03-09 close=1599.00 tp_prob=56.33% lmt=-3.00% lmt_price=1646.97 sl=20.00%
[HOLD] 2492.T | signal_date=2026-03-06 trade_date=2026-03-09 close=420.00 tp_prob=57.01% lmt=-3.00% lmt_price=432.60 sl=20.00%
[HOLD] 2607.T | signal_date=2026-03-06 trade_date=2026-03-09 close=3466.00 tp_prob=58.35% lmt=-3.00% lmt_price=3569.98 sl=20.00%
[HOLD] 2674.T | signal_date=2026-03-06 trade_date=2026-03-09 close=2039.00 tp_prob=49.90% lmt=-3.00% lmt_price=2100.17 sl=20.00%
[HOLD] 2676.T | signal_date=2026-03-06 trade_date=2026-03-09 close=2090.00 tp_prob=44.39% lmt=-3.00% lmt_price=2152.70 sl=20.00%
[HOLD] 2751.T | signal_date=2026-03-06 trade_date=2026-03-09 close=4015.00 tp_prob=41.80% lmt=-3.00% lmt_price=4135.45 sl=20.00%
[HOLD] 2752.T | signal_date=2026-03-06 trade_date=2026-03-09 close=1069.00 tp_prob=41.76% lmt=-3.00% lmt_price=1101.07 sl=20.00%
[HOLD] 2970.T | signal_date=2026-03-06 trade_date=2026-03-09 close=1189.00 tp_prob=54.32% lmt=-3.00% lmt_price=1224.67 sl=20.00%
[HOLD] 2980.T | signal_date=2026-03-06 trade_date=2026-03-09 close=2845.00 tp_prob=54.24% lmt=-3.00% lmt_price=2930.35 sl=20.00%
[HOLD] 3093.T | signal_date=2026-03-06 trade_date=2026-03-09 close=1848.00 tp_prob=51.29% lmt=-3.00% lmt_price=1903.44 sl=20.00%
[HOLD] 3186.T | signal_date=2026-03-06 trade_date=2026-03-09 close=3135.00 tp_prob=59.88% lmt=-3.00% lmt_price=3229.05 sl=20.00%
[HOLD] 3222.T | signal_date=2026-03-06 trade_date=2026-03-09 close=853.00 tp_prob=54.33% lmt=-3.00% lmt_price=878.59 sl=20.00%
[HOLD] 3271.T | signal_date=2026-03-06 trade_date=2026-03-09 close=927.00 tp_prob=52.12% lmt=-3.00% lmt_price=954.81 sl=20.00%
[BUY] 3391.T | signal_date=2026-03-06 trade_date=2026-03-09 close=2272.50 tp_prob=60.45% lmt=-3.00% lmt_price=2340.68 sl=20.00% sl_price=1818.00
[HOLD] 3479.T | signal_date=2026-03-06 trade_date=2026-03-09 close=1946.00 tp_prob=57.83% lmt=-3.00% lmt_price=2004.38 sl=20.00%
[HOLD] 3486.T | signal_date=2026-03-06 trade_date=2026-03-09 close=2282.00 tp_prob=52.45% lmt=-3.00% lmt_price=2350.46 sl=20.00%
[HOLD] 3491.T | signal_date=2026-03-06 trade_date=2026-03-09 close=1647.00 tp_prob=52.70% lmt=-3.00% lmt_price=1696.41 sl=20.00%
[HOLD] 3496.T | signal_date=2026-03-06 trade_date=2026-03-09 close=4795.00 tp_prob=52.75% lmt=-3.00% lmt_price=4938.85 sl=20.00%
[HOLD] 3498.T | signal_date=2026-03-06 trade_date=2026-03-09 close=7250.00 tp_prob=55.37% lmt=-3.00% lmt_price=7467.50 sl=20.00%
[HOLD] 3547.T | signal_date=2026-03-06 trade_date=2026-03-09 close=1921.00 tp_prob=51.01% lmt=-3.00% lmt_price=1978.63 sl=20.00%
[HOLD] 3608.T | signal_date=2026-03-06 trade_date=2026-03-09 close=1099.00 tp_prob=46.12% lmt=-3.00% lmt_price=1131.97 sl=20.00%
[HOLD] 3661.T | signal_date=2026-03-06 trade_date=2026-03-09 close=703.00 tp_prob=58.95% lmt=-3.00% lmt_price=724.09 sl=20.00%
[HOLD] 3663.T | signal_date=2026-03-06 trade_date=2026-03-09 close=1390.00 tp_prob=55.97% lmt=-3.00% lmt_price=1431.70 sl=20.00%
[HOLD] 3673.T | signal_date=2026-03-06 trade_date=2026-03-09 close=829.00 tp_prob=58.74% lmt=-3.00% lmt_price=853.87 sl=20.00%
[HOLD] 3683.T | signal_date=2026-03-06 trade_date=2026-03-09 close=1144.00 tp_prob=57.64% lmt=-3.00% lmt_price=1178.32 sl=20.00%
[HOLD] 3687.T | signal_date=2026-03-06 trade_date=2026-03-09 close=1446.00 tp_prob=57.34% lmt=-3.00% lmt_price=1489.38 sl=20.00%
[HOLD] 3695.T | signal_date=2026-03-06 trade_date=2026-03-09 close=1758.00 tp_prob=55.15% lmt=-3.00% lmt_price=1810.74 sl=20.00%
[HOLD] 3697.T | signal_date=2026-03-06 trade_date=2026-03-09 close=732.90 tp_prob=56.96% lmt=-3.00% lmt_price=754.89 sl=20.00%
[HOLD] 3769.T | signal_date=2026-03-06 trade_date=2026-03-09 close=8170.00 tp_prob=56.76% lmt=-3.00% lmt_price=8415.10 sl=20.00%
[HOLD] 3773.T | signal_date=2026-03-06 trade_date=2026-03-09 close=1040.00 tp_prob=59.89% lmt=-3.00% lmt_price=1071.20 sl=20.00%
[HOLD] 3854.T | signal_date=2026-03-06 trade_date=2026-03-09 close=2380.00 tp_prob=54.08% lmt=-3.00% lmt_price=2451.40 sl=20.00%
[BUY] 3905.T | signal_date=2026-03-06 trade_date=2026-03-09 close=1565.00 tp_prob=65.36% lmt=-3.00% lmt_price=1611.95 sl=20.00% sl_price=1252.00
[HOLD] 4071.T | signal_date=2026-03-06 trade_date=2026-03-09 close=2263.00 tp_prob=54.50% lmt=-3.00% lmt_price=2330.89 sl=20.00%
[HOLD] 4180.T | signal_date=2026-03-06 trade_date=2026-03-09 close=833.00 tp_prob=56.96% lmt=-3.00% lmt_price=857.99 sl=20.00%
[HOLD] 4183.T | signal_date=2026-03-06 trade_date=2026-03-09 close=2156.00 tp_prob=57.60% lmt=-3.00% lmt_price=2220.68 sl=20.00%
[HOLD] 4343.T | signal_date=2026-03-06 trade_date=2026-03-09 close=2508.00 tp_prob=51.47% lmt=-3.00% lmt_price=2583.24 sl=20.00%
[HOLD] 4369.T | signal_date=2026-03-06 trade_date=2026-03-09 close=3375.00 tp_prob=56.27% lmt=-3.00% lmt_price=3476.25 sl=20.00%
[HOLD] 4377.T | signal_date=2026-03-06 trade_date=2026-03-09 close=2080.00 tp_prob=58.77% lmt=-3.00% lmt_price=2142.40 sl=20.00%
[HOLD] 4385.T | signal_date=2026-03-06 trade_date=2026-03-09 close=3491.00 tp_prob=54.09% lmt=-3.00% lmt_price=3595.73 sl=20.00%
[HOLD] 4413.T | signal_date=2026-03-06 trade_date=2026-03-09 close=1992.00 tp_prob=57.64% lmt=-3.00% lmt_price=2051.76 sl=20.00%
[HOLD] 4431.T | signal_date=2026-03-06 trade_date=2026-03-09 close=2463.00 tp_prob=56.15% lmt=-3.00% lmt_price=2536.89 sl=20.00%
[HOLD] 4443.T | signal_date=2026-03-06 trade_date=2026-03-09 close=1240.00 tp_prob=57.36% lmt=-3.00% lmt_price=1277.20 sl=20.00%
[HOLD] 4475.T | signal_date=2026-03-06 trade_date=2026-03-09 close=1028.00 tp_prob=56.68% lmt=-3.00% lmt_price=1058.84 sl=20.00%
[HOLD] 4480.T | signal_date=2026-03-06 trade_date=2026-03-09 close=1947.00 tp_prob=59.61% lmt=-3.00% lmt_price=2005.41 sl=20.00%
[HOLD] 4493.T | signal_date=2026-03-06 trade_date=2026-03-09 close=1655.00 tp_prob=59.32% lmt=-3.00% lmt_price=1704.65 sl=20.00%
[HOLD] 4503.T | signal_date=2026-03-06 trade_date=2026-03-09 close=2404.00 tp_prob=55.09% lmt=-3.00% lmt_price=2476.12 sl=20.00%
[HOLD] 4751.T | signal_date=2026-03-06 trade_date=2026-03-09 close=1278.00 tp_prob=56.84% lmt=-3.00% lmt_price=1316.34 sl=20.00%
[HOLD] 4776.T | signal_date=2026-03-06 trade_date=2026-03-09 close=2344.00 tp_prob=57.09% lmt=-3.00% lmt_price=2414.32 sl=20.00%
[HOLD] 4917.T | signal_date=2026-03-06 trade_date=2026-03-09 close=3080.00 tp_prob=41.47% lmt=-3.00% lmt_price=3172.40 sl=20.00%
[HOLD] 5032.T | signal_date=2026-03-06 trade_date=2026-03-09 close=3970.00 tp_prob=59.72% lmt=-3.00% lmt_price=4089.10 sl=20.00%
[HOLD] 5201.T | signal_date=2026-03-06 trade_date=2026-03-09 close=6213.00 tp_prob=55.42% lmt=-3.00% lmt_price=6399.39 sl=20.00%
[HOLD] 6036.T | signal_date=2026-03-06 trade_date=2026-03-09 close=3435.00 tp_prob=54.08% lmt=-3.00% lmt_price=3538.05 sl=20.00%
[HOLD] 6080.T | signal_date=2026-03-06 trade_date=2026-03-09 close=3495.00 tp_prob=54.74% lmt=-3.00% lmt_price=3599.85 sl=20.00%
[HOLD] 6088.T | signal_date=2026-03-06 trade_date=2026-03-09 close=719.00 tp_prob=53.54% lmt=-3.00% lmt_price=740.57 sl=20.00%
[HOLD] 6134.T | signal_date=2026-03-06 trade_date=2026-03-09 close=5580.00 tp_prob=57.02% lmt=-3.00% lmt_price=5747.40 sl=20.00%
[HOLD] 6196.T | signal_date=2026-03-06 trade_date=2026-03-09 close=4425.00 tp_prob=52.97% lmt=-3.00% lmt_price=4557.75 sl=20.00%
[HOLD] 6273.T | signal_date=2026-03-06 trade_date=2026-03-09 close=69950.00 tp_prob=55.37% lmt=-3.00% lmt_price=72048.50 sl=20.00%
[HOLD] 6524.T | signal_date=2026-03-06 trade_date=2026-03-09 close=4825.00 tp_prob=58.34% lmt=-3.00% lmt_price=4969.75 sl=20.00%
[HOLD] 6871.T | signal_date=2026-03-06 trade_date=2026-03-09 close=11270.00 tp_prob=57.87% lmt=-3.00% lmt_price=11608.10 sl=20.00%
[HOLD] 6920.T | signal_date=2026-03-06 trade_date=2026-03-09 close=33310.00 tp_prob=54.28% lmt=-3.00% lmt_price=34309.30 sl=20.00%
[HOLD] 7059.T | signal_date=2026-03-06 trade_date=2026-03-09 close=964.00 tp_prob=51.52% lmt=-3.00% lmt_price=992.92 sl=20.00%
[HOLD] 7094.T | signal_date=2026-03-06 trade_date=2026-03-09 close=1664.00 tp_prob=52.40% lmt=-3.00% lmt_price=1713.92 sl=20.00%
[HOLD] 7199.T | signal_date=2026-03-06 trade_date=2026-03-09 close=1882.00 tp_prob=51.46% lmt=-3.00% lmt_price=1938.46 sl=20.00%
[HOLD] 7318.T | signal_date=2026-03-06 trade_date=2026-03-09 close=1811.00 tp_prob=53.98% lmt=-3.00% lmt_price=1865.33 sl=20.00%
[BUY] 7352.T | signal_date=2026-03-06 trade_date=2026-03-09 close=542.00 tp_prob=63.70% lmt=-3.00% lmt_price=558.26 sl=20.00% sl_price=433.60
[HOLD] 7649.T | signal_date=2026-03-06 trade_date=2026-03-09 close=3511.00 tp_prob=43.75% lmt=-3.00% lmt_price=3616.33 sl=20.00%
[HOLD] 7679.T | signal_date=2026-03-06 trade_date=2026-03-09 close=1998.00 tp_prob=43.96% lmt=-3.00% lmt_price=2057.94 sl=20.00%
[HOLD] 7752.T | signal_date=2026-03-06 trade_date=2026-03-09 close=1373.50 tp_prob=54.65% lmt=-3.00% lmt_price=1414.70 sl=20.00%
[HOLD] 7803.T | signal_date=2026-03-06 trade_date=2026-03-09 close=289.00 tp_prob=54.65% lmt=-3.00% lmt_price=297.67 sl=20.00%
[HOLD] 7818.T | signal_date=2026-03-06 trade_date=2026-03-09 close=1274.00 tp_prob=52.29% lmt=-3.00% lmt_price=1312.22 sl=20.00%
[HOLD] 7914.T | signal_date=2026-03-06 trade_date=2026-03-09 close=1685.00 tp_prob=50.05% lmt=-3.00% lmt_price=1735.55 sl=20.00%
[HOLD] 8086.T | signal_date=2026-03-06 trade_date=2026-03-09 close=1555.00 tp_prob=43.60% lmt=-3.00% lmt_price=1601.65 sl=20.00%
[HOLD] 8136.T | signal_date=2026-03-06 trade_date=2026-03-09 close=5816.00 tp_prob=53.94% lmt=-3.00% lmt_price=5990.48 sl=20.00%
[HOLD] 8309.T | signal_date=2026-03-06 trade_date=2026-03-09 close=5190.00 tp_prob=53.23% lmt=-3.00% lmt_price=5345.70 sl=20.00%
[BUY] 8331.T | signal_date=2026-03-06 trade_date=2026-03-09 close=2116.50 tp_prob=60.89% lmt=-3.00% lmt_price=2179.99 sl=20.00% sl_price=1693.20
[BUY] 9449.T | signal_date=2026-03-06 trade_date=2026-03-09 close=2908.00 tp_prob=60.20% lmt=-3.00% lmt_price=2995.24 sl=20.00% sl_price=2326.40
[HOLD] 9627.T | signal_date=2026-03-06 trade_date=2026-03-09 close=5627.00 tp_prob=54.28% lmt=-3.00% lmt_price=5795.81 sl=20.00%
[HOLD] 9697.T | signal_date=2026-03-06 trade_date=2026-03-09 close=3383.00 tp_prob=56.08% lmt=-3.00% lmt_price=3484.49 sl=20.00%
[HOLD] 9766.T | signal_date=2026-03-06 trade_date=2026-03-09 close=20050.00 tp_prob=54.79% lmt=-3.00% lmt_price=20651.50 sl=20.00%
[HOLD] 135A.T | signal_date=2026-03-06 trade_date=2026-03-09 close=2471.00 tp_prob=59.73% lmt=-3.00% lmt_price=2545.13 sl=20.00%
[HOLD] 247A.T | signal_date=2026-03-06 trade_date=2026-03-09 close=1313.00 tp_prob=58.47% lmt=-3.00% lmt_price=1352.39 sl=20.00%
[DIV][group3] candidates=5 selected=5 max_corr=0.70 lookback=252
[PICK][group3] 3905.T tp_prob=65.36% sector=Technology
[PICK][group3] 7352.T tp_prob=63.70% sector=Industrials
[PICK][group3] 8331.T tp_prob=60.89% sector=Financial Services
[PICK][group3] 3391.T tp_prob=60.45% sector=Healthcare
[PICK][group3] 9449.T tp_prob=60.20% sector=Communication Services
[GROUP] start=group4 symbols=127
[DATA][group4] 1333.T -> data\prices\1333_T.csv
[DATA][group4] 1379.T -> data\prices\1379_T.csv
[ERROR][group4] TYO:1777: No price data from stooq: TYO:1777
[DATA][group4] 1928.T -> data\prices\1928_T.csv
[DATA][group4] 1799.T -> data\prices\1799_T.csv
[DATA][group4] 1812.T -> data\prices\1812_T.csv
[DATA][group4] 1820.T -> data\prices\1820_T.csv
[DATA][group4] 1964.T -> data\prices\1964_T.csv
[DATA][group4] 2432.T -> data\prices\2432_T.csv
[DATA][group4] 2436.T -> data\prices\2436_T.csv
[DATA][group4] 2488.T -> data\prices\2488_T.csv
[DATA][group4] 2874.T -> data\prices\2874_T.csv
[DATA][group4] 2802.T -> data\prices\2802_T.csv
[ERROR][group4] TYO:2928: No price data from stooq: TYO:2928
[DATA][group4] 2986.T -> data\prices\2986_T.csv
[DATA][group4] 3231.T -> data\prices\3231_T.csv
[DATA][group4] 3193.T -> data\prices\3193_T.csv
[DATA][group4] 3221.T -> data\prices\3221_T.csv
[DATA][group4] 3302.T -> data\prices\3302_T.csv
[DATA][group4] 3591.T -> data\prices\3591_T.csv
[DATA][group4] 3593.T -> data\prices\3593_T.csv
[DATA][group4] 3543.T -> data\prices\3543_T.csv
[DATA][group4] 3676.T -> data\prices\3676_T.csv
[DATA][group4] 3844.T -> data\prices\3844_T.csv
[DATA][group4] 3916.T -> data\prices\3916_T.csv
[DATA][group4] 3983.T -> data\prices\3983_T.csv
[DATA][group4] 4060.T -> data\prices\4060_T.csv
[DATA][group4] 4186.T -> data\prices\4186_T.csv
[DATA][group4] 4204.T -> data\prices\4204_T.csv
[DATA][group4] 4519.T -> data\prices\4519_T.csv
[DATA][group4] 4417.T -> data\prices\4417_T.csv
[DATA][group4] 4476.T -> data\prices\4476_T.csv
[DATA][group4] 4495.T -> data\prices\4495_T.csv
[DATA][group4] 4611.T -> data\prices\4611_T.csv
[DATA][group4] 4667.T -> data\prices\4667_T.csv
[DATA][group4] 4931.T -> data\prices\4931_T.csv
[DATA][group4] 5027.T -> data\prices\5027_T.csv
[DATA][group4] 5191.T -> data\prices\5191_T.csv
[DATA][group4] 6178.T -> data\prices\6178_T.csv
[DATA][group4] 5805.T -> data\prices\5805_T.csv
[DATA][group4] 5834.T -> data\prices\5834_T.csv
[DATA][group4] 5929.T -> data\prices\5929_T.csv
[DATA][group4] 6062.T -> data\prices\6062_T.csv
[DATA][group4] 6078.T -> data\prices\6078_T.csv
[DATA][group4] 6227.T -> data\prices\6227_T.csv
[DATA][group4] 6298.T -> data\prices\6298_T.csv
[DATA][group4] 6479.T -> data\prices\6479_T.csv
[DATA][group4] 6594.T -> data\prices\6594_T.csv
[DATA][group4] 6728.T -> data\prices\6728_T.csv
[DATA][group4] 6787.T -> data\prices\6787_T.csv
[DATA][group4] 6914.T -> data\prices\6914_T.csv
[DATA][group4] 7011.T -> data\prices\7011_T.csv
[DATA][group4] 7012.T -> data\prices\7012_T.csv
[ERROR][group4] TYO:7163: No price data from stooq: TYO:7163
[DATA][group4] 6481.T -> data\prices\6481_T.csv
[DATA][group4] 6544.T -> data\prices\6544_T.csv
[DATA][group4] 7561.T -> data\prices\7561_T.csv
[DATA][group4] 7915.T -> data\prices\7915_T.csv
[DATA][group4] 8306.T -> data\prices\8306_T.csv
[DATA][group4] 9020.T -> data\prices\9020_T.csv
[DATA][group4] 7552.T -> data\prices\7552_T.csv
[DATA][group4] 7984.T -> data\prices\7984_T.csv
[DATA][group4] 9279.T -> data\prices\9279_T.csv
[DATA][group4] 9418.T -> data\prices\9418_T.csv
[DATA][group4] 9823.T -> data\prices\9823_T.csv
[DATA][group4] 8308.T -> data\prices\8308_T.csv
[DATA][group4] 9983.T -> data\prices\9983_T.csv
[DATA][group4] 9989.T -> data\prices\9989_T.csv
[DATA][group4] 8341.T -> data\prices\8341_T.csv
[DATA][group4] 8923.T -> data\prices\8923_T.csv
[SECTOR][group4] symbols=119 unique=9 index_loaded=9
[ML][group4] trained_rows=504201 symbols=119 features=22
[OPTRET][group4] threshold=0.75 stop_loss=13.00% limit=-3.00% win_rate=92.59% avg_fill=4.40% avg_signal=1.52% fills=27/78 constraints(fill_rate>=10.00%, monthly_fills>=0.00)
[FALLBACK][group4] threshold=0.75->0.59 buy_signals=10
[HOLD] 1301.T | signal_date=2026-03-06 trade_date=2026-03-09 close=5170.00 tp_prob=39.49% lmt=-3.00% lmt_price=5325.10 sl=13.00%
[HOLD] 1333.T | signal_date=2026-03-06 trade_date=2026-03-09 close=1511.00 tp_prob=41.10% lmt=-3.00% lmt_price=1556.33 sl=13.00%
[HOLD] 1379.T | signal_date=2026-03-06 trade_date=2026-03-09 close=1974.00 tp_prob=38.61% lmt=-3.00% lmt_price=2033.22 sl=13.00%
[HOLD] 1417.T | signal_date=2026-03-06 trade_date=2026-03-09 close=3722.00 tp_prob=53.61% lmt=-3.00% lmt_price=3833.66 sl=13.00%
[HOLD] 1433.T | signal_date=2026-03-06 trade_date=2026-03-09 close=1280.00 tp_prob=53.13% lmt=-3.00% lmt_price=1318.40 sl=13.00%
[HOLD] 1928.T | signal_date=2026-03-06 trade_date=2026-03-09 close=3568.00 tp_prob=46.19% lmt=-3.00% lmt_price=3675.04 sl=13.00%
[HOLD] 1799.T | signal_date=2026-03-06 trade_date=2026-03-09 close=4130.00 tp_prob=55.61% lmt=-3.00% lmt_price=4253.90 sl=13.00%
[HOLD] 1812.T | signal_date=2026-03-06 trade_date=2026-03-09 close=6441.00 tp_prob=58.39% lmt=-3.00% lmt_price=6634.23 sl=13.00%
[HOLD] 1820.T | signal_date=2026-03-06 trade_date=2026-03-09 close=6253.00 tp_prob=53.63% lmt=-3.00% lmt_price=6440.59 sl=13.00%
[HOLD] 1964.T | signal_date=2026-03-06 trade_date=2026-03-09 close=4705.00 tp_prob=53.97% lmt=-3.00% lmt_price=4846.15 sl=13.00%
[HOLD] 2124.T | signal_date=2026-03-06 trade_date=2026-03-09 close=880.00 tp_prob=54.20% lmt=-3.00% lmt_price=906.40 sl=13.00%
[HOLD] 2326.T | signal_date=2026-03-06 trade_date=2026-03-09 close=5280.00 tp_prob=54.39% lmt=-3.00% lmt_price=5438.40 sl=13.00%
[HOLD] 2432.T | signal_date=2026-03-06 trade_date=2026-03-09 close=2602.00 tp_prob=50.72% lmt=-3.00% lmt_price=2680.06 sl=13.00%
[HOLD] 2436.T | signal_date=2026-03-06 trade_date=2026-03-09 close=1039.00 tp_prob=51.13% lmt=-3.00% lmt_price=1070.17 sl=13.00%
[HOLD] 2488.T | signal_date=2026-03-06 trade_date=2026-03-09 close=1221.00 tp_prob=52.47% lmt=-3.00% lmt_price=1257.63 sl=13.00%
[HOLD] 2874.T | signal_date=2026-03-06 trade_date=2026-03-09 close=1489.00 tp_prob=46.75% lmt=-3.00% lmt_price=1533.67 sl=13.00%
[HOLD] 2933.T | signal_date=2026-03-06 trade_date=2026-03-09 close=1053.00 tp_prob=38.79% lmt=-3.00% lmt_price=1084.59 sl=13.00%
[HOLD] 3139.T | signal_date=2026-03-06 trade_date=2026-03-09 close=3685.00 tp_prob=38.86% lmt=-3.00% lmt_price=3795.55 sl=13.00%
[HOLD] 2802.T | signal_date=2026-03-06 trade_date=2026-03-09 close=4518.00 tp_prob=53.56% lmt=-3.00% lmt_price=4653.54 sl=13.00%
[HOLD] 2986.T | signal_date=2026-03-06 trade_date=2026-03-09 close=9470.00 tp_prob=53.52% lmt=-3.00% lmt_price=9754.10 sl=13.00%
[BUY] 3186.T | signal_date=2026-03-06 trade_date=2026-03-09 close=3135.00 tp_prob=59.64% lmt=-3.00% lmt_price=3229.05 sl=13.00% sl_price=2727.45
[HOLD] 3231.T | signal_date=2026-03-06 trade_date=2026-03-09 close=1098.00 tp_prob=46.73% lmt=-3.00% lmt_price=1130.94 sl=13.00%
[HOLD] 3193.T | signal_date=2026-03-06 trade_date=2026-03-09 close=3775.00 tp_prob=43.34% lmt=-3.00% lmt_price=3888.25 sl=13.00%
[HOLD] 3221.T | signal_date=2026-03-06 trade_date=2026-03-09 close=3540.00 tp_prob=50.32% lmt=-3.00% lmt_price=3646.20 sl=13.00%
[HOLD] 3271.T | signal_date=2026-03-06 trade_date=2026-03-09 close=927.00 tp_prob=51.71% lmt=-3.00% lmt_price=954.81 sl=13.00%
[HOLD] 3302.T | signal_date=2026-03-06 trade_date=2026-03-09 close=3010.00 tp_prob=50.72% lmt=-3.00% lmt_price=3100.30 sl=13.00%
[HOLD] 3391.T | signal_date=2026-03-06 trade_date=2026-03-09 close=2272.50 tp_prob=58.61% lmt=-3.00% lmt_price=2340.68 sl=13.00%
[HOLD] 3395.T | signal_date=2026-03-06 trade_date=2026-03-09 close=3145.00 tp_prob=42.98% lmt=-3.00% lmt_price=3239.35 sl=13.00%
[HOLD] 3479.T | signal_date=2026-03-06 trade_date=2026-03-09 close=1946.00 tp_prob=57.63% lmt=-3.00% lmt_price=2004.38 sl=13.00%
[HOLD] 3486.T | signal_date=2026-03-06 trade_date=2026-03-09 close=2282.00 tp_prob=52.09% lmt=-3.00% lmt_price=2350.46 sl=13.00%
[HOLD] 3496.T | signal_date=2026-03-06 trade_date=2026-03-09 close=4795.00 tp_prob=52.14% lmt=-3.00% lmt_price=4938.85 sl=13.00%
[HOLD] 3498.T | signal_date=2026-03-06 trade_date=2026-03-09 close=7250.00 tp_prob=54.91% lmt=-3.00% lmt_price=7467.50 sl=13.00%
[HOLD] 3563.T | signal_date=2026-03-06 trade_date=2026-03-09 close=9260.00 tp_prob=57.81% lmt=-3.00% lmt_price=9537.80 sl=13.00%
[HOLD] 3591.T | signal_date=2026-03-06 trade_date=2026-03-09 close=4377.00 tp_prob=43.22% lmt=-3.00% lmt_price=4508.31 sl=13.00%
[HOLD] 3593.T | signal_date=2026-03-06 trade_date=2026-03-09 close=6750.00 tp_prob=42.39% lmt=-3.00% lmt_price=6952.50 sl=13.00%
[HOLD] 3543.T | signal_date=2026-03-06 trade_date=2026-03-09 close=2898.00 tp_prob=41.60% lmt=-3.00% lmt_price=2984.94 sl=13.00%
[HOLD] 3676.T | signal_date=2026-03-06 trade_date=2026-03-09 close=945.00 tp_prob=53.33% lmt=-3.00% lmt_price=973.35 sl=13.00%
[HOLD] 3697.T | signal_date=2026-03-06 trade_date=2026-03-09 close=732.90 tp_prob=54.38% lmt=-3.00% lmt_price=754.89 sl=13.00%
[HOLD] 3762.T | signal_date=2026-03-06 trade_date=2026-03-09 close=1846.00 tp_prob=52.46% lmt=-3.00% lmt_price=1901.38 sl=13.00%
[HOLD] 3844.T | signal_date=2026-03-06 trade_date=2026-03-09 close=1543.00 tp_prob=51.76% lmt=-3.00% lmt_price=1589.29 sl=13.00%
[HOLD] 3854.T | signal_date=2026-03-06 trade_date=2026-03-09 close=2380.00 tp_prob=52.92% lmt=-3.00% lmt_price=2451.40 sl=13.00%
[HOLD] 3916.T | signal_date=2026-03-06 trade_date=2026-03-09 close=1006.00 tp_prob=56.60% lmt=-3.00% lmt_price=1036.18 sl=13.00%
[HOLD] 3983.T | signal_date=2026-03-06 trade_date=2026-03-09 close=1903.00 tp_prob=52.50% lmt=-3.00% lmt_price=1960.09 sl=13.00%
[HOLD] 3591.T | signal_date=2026-03-06 trade_date=2026-03-09 close=4377.00 tp_prob=43.22% lmt=-3.00% lmt_price=4508.31 sl=13.00%
[HOLD] 3491.T | signal_date=2026-03-06 trade_date=2026-03-09 close=1647.00 tp_prob=51.01% lmt=-3.00% lmt_price=1696.41 sl=13.00%
[HOLD] 3993.T | signal_date=2026-03-06 trade_date=2026-03-09 close=3335.00 tp_prob=54.68% lmt=-3.00% lmt_price=3435.05 sl=13.00%
[HOLD] 4060.T | signal_date=2026-03-06 trade_date=2026-03-09 close=1098.00 tp_prob=55.43% lmt=-3.00% lmt_price=1130.94 sl=13.00%
[HOLD] 4071.T | signal_date=2026-03-06 trade_date=2026-03-09 close=2263.00 tp_prob=52.92% lmt=-3.00% lmt_price=2330.89 sl=13.00%
[BUY] 4113.T | signal_date=2026-03-06 trade_date=2026-03-09 close=1048.00 tp_prob=59.39% lmt=-3.00% lmt_price=1079.44 sl=13.00% sl_price=911.76
[HOLD] 4180.T | signal_date=2026-03-06 trade_date=2026-03-09 close=833.00 tp_prob=57.66% lmt=-3.00% lmt_price=857.99 sl=13.00%
[HOLD] 4186.T | signal_date=2026-03-06 trade_date=2026-03-09 close=8815.00 tp_prob=53.74% lmt=-3.00% lmt_price=9079.45 sl=13.00%
[HOLD] 4204.T | signal_date=2026-03-06 trade_date=2026-03-09 close=2837.00 tp_prob=47.53% lmt=-3.00% lmt_price=2922.11 sl=13.00%
[HOLD] 4385.T | signal_date=2026-03-06 trade_date=2026-03-09 close=3491.00 tp_prob=52.07% lmt=-3.00% lmt_price=3595.73 sl=13.00%
[HOLD] 4186.T | signal_date=2026-03-06 trade_date=2026-03-09 close=8815.00 tp_prob=53.74% lmt=-3.00% lmt_price=9079.45 sl=13.00%
[HOLD] 4203.T | signal_date=2026-03-06 trade_date=2026-03-09 close=5570.00 tp_prob=53.26% lmt=-3.00% lmt_price=5737.10 sl=13.00%
[HOLD] 4519.T | signal_date=2026-03-06 trade_date=2026-03-09 close=9586.00 tp_prob=53.47% lmt=-3.00% lmt_price=9873.58 sl=13.00%
[HOLD] 4390.T | signal_date=2026-03-06 trade_date=2026-03-09 close=3310.00 tp_prob=51.55% lmt=-3.00% lmt_price=3409.30 sl=13.00%
[HOLD] 4413.T | signal_date=2026-03-06 trade_date=2026-03-09 close=1992.00 tp_prob=53.98% lmt=-3.00% lmt_price=2051.76 sl=13.00%
[BUY] 4417.T | signal_date=2026-03-06 trade_date=2026-03-09 close=2510.00 tp_prob=60.63% lmt=-3.00% lmt_price=2585.30 sl=13.00% sl_price=2183.70
[HOLD] 4431.T | signal_date=2026-03-06 trade_date=2026-03-09 close=2463.00 tp_prob=54.15% lmt=-3.00% lmt_price=2536.89 sl=13.00%
[HOLD] 4475.T | signal_date=2026-03-06 trade_date=2026-03-09 close=1028.00 tp_prob=54.45% lmt=-3.00% lmt_price=1058.84 sl=13.00%
[BUY] 4476.T | signal_date=2026-03-06 trade_date=2026-03-09 close=986.00 tp_prob=61.57% lmt=-3.00% lmt_price=1015.58 sl=13.00% sl_price=857.82
[HOLD] 4477.T | signal_date=2026-03-06 trade_date=2026-03-09 close=315.00 tp_prob=53.73% lmt=-3.00% lmt_price=324.45 sl=13.00%
[BUY] 4480.T | signal_date=2026-03-06 trade_date=2026-03-09 close=1947.00 tp_prob=59.38% lmt=-3.00% lmt_price=2005.41 sl=13.00% sl_price=1693.89
[HOLD] 4481.T | signal_date=2026-03-06 trade_date=2026-03-09 close=3350.00 tp_prob=52.40% lmt=-3.00% lmt_price=3450.50 sl=13.00%
[HOLD] 4495.T | signal_date=2026-03-06 trade_date=2026-03-09 close=2293.00 tp_prob=52.87% lmt=-3.00% lmt_price=2361.79 sl=13.00%
[HOLD] 4611.T | signal_date=2026-03-06 trade_date=2026-03-09 close=1385.00 tp_prob=52.75% lmt=-3.00% lmt_price=1426.55 sl=13.00%
[HOLD] 4667.T | signal_date=2026-03-06 trade_date=2026-03-09 close=1937.00 tp_prob=55.26% lmt=-3.00% lmt_price=1995.11 sl=13.00%
[HOLD] 4687.T | signal_date=2026-03-06 trade_date=2026-03-09 close=1050.00 tp_prob=53.62% lmt=-3.00% lmt_price=1081.50 sl=13.00%
[HOLD] 4931.T | signal_date=2026-03-06 trade_date=2026-03-09 close=2068.00 tp_prob=42.12% lmt=-3.00% lmt_price=2130.04 sl=13.00%
[BUY] 5027.T | signal_date=2026-03-06 trade_date=2026-03-09 close=505.00 tp_prob=59.26% lmt=-3.00% lmt_price=520.15 sl=13.00% sl_price=439.35
[HOLD] 5032.T | signal_date=2026-03-06 trade_date=2026-03-09 close=3970.00 tp_prob=58.73% lmt=-3.00% lmt_price=4089.10 sl=13.00%
[HOLD] 5191.T | signal_date=2026-01-28 trade_date=2026-01-29 close=2594.00 tp_prob=41.47% lmt=-3.00% lmt_price=2671.82 sl=13.00%
[HOLD] 6088.T | signal_date=2026-03-06 trade_date=2026-03-09 close=719.00 tp_prob=52.23% lmt=-3.00% lmt_price=740.57 sl=13.00%
[HOLD] 6178.T | signal_date=2026-03-06 trade_date=2026-03-09 close=1884.00 tp_prob=53.30% lmt=-3.00% lmt_price=1940.52 sl=13.00%
[HOLD] 5805.T | signal_date=2026-03-06 trade_date=2026-03-09 close=14670.00 tp_prob=55.67% lmt=-3.00% lmt_price=15110.10 sl=13.00%
[BUY] 5834.T | signal_date=2026-03-06 trade_date=2026-03-09 close=5920.00 tp_prob=59.18% lmt=-3.00% lmt_price=6097.60 sl=13.00% sl_price=5150.40
[HOLD] 5929.T | signal_date=2026-03-06 trade_date=2026-03-09 close=3854.00 tp_prob=47.23% lmt=-3.00% lmt_price=3969.62 sl=13.00%
[HOLD] 6036.T | signal_date=2026-03-06 trade_date=2026-03-09 close=3435.00 tp_prob=52.07% lmt=-3.00% lmt_price=3538.05 sl=13.00%
[HOLD] 6062.T | signal_date=2026-03-06 trade_date=2026-03-09 close=1404.00 tp_prob=50.81% lmt=-3.00% lmt_price=1446.12 sl=13.00%
[HOLD] 6078.T | signal_date=2026-03-06 trade_date=2026-03-09 close=1403.00 tp_prob=43.75% lmt=-3.00% lmt_price=1445.09 sl=13.00%
[HOLD] 6080.T | signal_date=2026-03-06 trade_date=2026-03-09 close=3495.00 tp_prob=52.34% lmt=-3.00% lmt_price=3599.85 sl=13.00%
[HOLD] 6088.T | signal_date=2026-03-06 trade_date=2026-03-09 close=719.00 tp_prob=52.23% lmt=-3.00% lmt_price=740.57 sl=13.00%
[HOLD] 6227.T | signal_date=2026-03-06 trade_date=2026-03-09 close=22590.00 tp_prob=56.74% lmt=-3.00% lmt_price=23267.70 sl=13.00%
[HOLD] 6298.T | signal_date=2026-03-06 trade_date=2026-03-09 close=1100.00 tp_prob=56.82% lmt=-3.00% lmt_price=1133.00 sl=13.00%
[BUY] 6479.T | signal_date=2026-03-06 trade_date=2026-03-09 close=2970.00 tp_prob=62.59% lmt=-3.00% lmt_price=3059.10 sl=13.00% sl_price=2583.90
[HOLD] 6532.T | signal_date=2026-03-06 trade_date=2026-03-09 close=4766.00 tp_prob=52.79% lmt=-3.00% lmt_price=4908.98 sl=13.00%
[HOLD] 6594.T | signal_date=2026-03-06 trade_date=2026-03-09 close=2307.00 tp_prob=52.17% lmt=-3.00% lmt_price=2376.21 sl=13.00%
[HOLD] 6728.T | signal_date=2026-03-06 trade_date=2026-03-09 close=9803.00 tp_prob=53.87% lmt=-3.00% lmt_price=10097.09 sl=13.00%
[HOLD] 6787.T | signal_date=2026-03-06 trade_date=2026-03-09 close=25110.00 tp_prob=56.48% lmt=-3.00% lmt_price=25863.30 sl=13.00%
[HOLD] 6871.T | signal_date=2026-03-06 trade_date=2026-03-09 close=11270.00 tp_prob=56.74% lmt=-3.00% lmt_price=11608.10 sl=13.00%
[HOLD] 6914.T | signal_date=2026-03-06 trade_date=2026-03-09 close=2970.00 tp_prob=57.38% lmt=-3.00% lmt_price=3059.10 sl=13.00%
[HOLD] 7011.T | signal_date=2026-03-06 trade_date=2026-03-09 close=4761.00 tp_prob=50.99% lmt=-3.00% lmt_price=4903.83 sl=13.00%
[HOLD] 7012.T | signal_date=2026-03-06 trade_date=2026-03-09 close=16340.00 tp_prob=55.94% lmt=-3.00% lmt_price=16830.20 sl=13.00%
[HOLD] 7167.T | signal_date=2026-03-06 trade_date=2026-03-09 close=1255.50 tp_prob=52.60% lmt=-3.00% lmt_price=1293.16 sl=13.00%
[HOLD] 6481.T | signal_date=2026-03-06 trade_date=2026-03-09 close=5075.00 tp_prob=55.98% lmt=-3.00% lmt_price=5227.25 sl=13.00%
[HOLD] 6544.T | signal_date=2026-03-06 trade_date=2026-03-09 close=1691.00 tp_prob=50.72% lmt=-3.00% lmt_price=1741.73 sl=13.00%
[HOLD] 7318.T | signal_date=2026-03-06 trade_date=2026-03-09 close=1811.00 tp_prob=52.89% lmt=-3.00% lmt_price=1865.33 sl=13.00%
[HOLD] 7508.T | signal_date=2026-03-06 trade_date=2026-03-09 close=1421.00 tp_prob=42.85% lmt=-3.00% lmt_price=1463.63 sl=13.00%
[HOLD] 7561.T | signal_date=2026-03-06 trade_date=2026-03-09 close=753.00 tp_prob=50.96% lmt=-3.00% lmt_price=775.59 sl=13.00%
[HOLD] 7649.T | signal_date=2026-03-06 trade_date=2026-03-09 close=3511.00 tp_prob=43.98% lmt=-3.00% lmt_price=3616.33 sl=13.00%
[HOLD] 7751.T | signal_date=2026-03-06 trade_date=2026-03-09 close=4521.00 tp_prob=46.02% lmt=-3.00% lmt_price=4656.63 sl=13.00%
[HOLD] 7818.T | signal_date=2026-03-06 trade_date=2026-03-09 close=1274.00 tp_prob=49.36% lmt=-3.00% lmt_price=1312.22 sl=13.00%
[HOLD] 7915.T | signal_date=2026-03-06 trade_date=2026-03-09 close=1315.00 tp_prob=52.42% lmt=-3.00% lmt_price=1354.45 sl=13.00%
[HOLD] 8020.T | signal_date=2026-03-06 trade_date=2026-03-09 close=2326.00 tp_prob=51.20% lmt=-3.00% lmt_price=2395.78 sl=13.00%
[HOLD] 8136.T | signal_date=2026-03-06 trade_date=2026-03-09 close=5816.00 tp_prob=52.22% lmt=-3.00% lmt_price=5990.48 sl=13.00%
[HOLD] 8306.T | signal_date=2026-03-06 trade_date=2026-03-09 close=2759.50 tp_prob=56.64% lmt=-3.00% lmt_price=2842.28 sl=13.00%
[BUY] 8331.T | signal_date=2026-03-06 trade_date=2026-03-09 close=2116.50 tp_prob=59.96% lmt=-3.00% lmt_price=2179.99 sl=13.00% sl_price=1841.36
[HOLD] 9020.T | signal_date=2026-03-06 trade_date=2026-03-09 close=3709.00 tp_prob=44.17% lmt=-3.00% lmt_price=3820.27 sl=13.00%
[HOLD] 7552.T | signal_date=2026-03-06 trade_date=2026-03-09 close=3170.00 tp_prob=51.28% lmt=-3.00% lmt_price=3265.10 sl=13.00%
[HOLD] 7649.T | signal_date=2026-03-06 trade_date=2026-03-09 close=3511.00 tp_prob=43.98% lmt=-3.00% lmt_price=3616.33 sl=13.00%
[HOLD] 7984.T | signal_date=2026-03-06 trade_date=2026-03-09 close=874.80 tp_prob=44.62% lmt=-3.00% lmt_price=901.04 sl=13.00%
[HOLD] 9279.T | signal_date=2026-03-06 trade_date=2026-03-09 close=4130.00 tp_prob=50.73% lmt=-3.00% lmt_price=4253.90 sl=13.00%
[HOLD] 9418.T | signal_date=2026-03-06 trade_date=2026-03-09 close=1785.00 tp_prob=44.17% lmt=-3.00% lmt_price=1838.55 sl=13.00%
[HOLD] 9697.T | signal_date=2026-03-06 trade_date=2026-03-09 close=3383.00 tp_prob=53.87% lmt=-3.00% lmt_price=3484.49 sl=13.00%
[HOLD] 9766.T | signal_date=2026-03-06 trade_date=2026-03-09 close=20050.00 tp_prob=52.51% lmt=-3.00% lmt_price=20651.50 sl=13.00%
[HOLD] 9823.T | signal_date=2026-03-06 trade_date=2026-03-09 close=1692.00 tp_prob=48.43% lmt=-3.00% lmt_price=1742.76 sl=13.00%
[HOLD] 8306.T | signal_date=2026-03-06 trade_date=2026-03-09 close=2759.50 tp_prob=56.64% lmt=-3.00% lmt_price=2842.28 sl=13.00%
[HOLD] 8308.T | signal_date=2026-03-06 trade_date=2026-03-09 close=1811.00 tp_prob=58.65% lmt=-3.00% lmt_price=1865.33 sl=13.00%
[BUY] 8316.T | signal_date=2026-03-06 trade_date=2026-03-09 close=5423.00 tp_prob=60.22% lmt=-3.00% lmt_price=5585.69 sl=13.00% sl_price=4718.01
[HOLD] 9983.T | signal_date=2026-03-06 trade_date=2026-03-09 close=65430.00 tp_prob=50.66% lmt=-3.00% lmt_price=67392.90 sl=13.00%
[HOLD] 9989.T | signal_date=2026-03-06 trade_date=2026-03-09 close=3987.00 tp_prob=44.80% lmt=-3.00% lmt_price=4106.61 sl=13.00%
[HOLD] 8341.T | signal_date=2026-03-06 trade_date=2026-03-09 close=9205.00 tp_prob=53.60% lmt=-3.00% lmt_price=9481.15 sl=13.00%
[HOLD] 8923.T | signal_date=2026-03-06 trade_date=2026-03-09 close=1646.00 tp_prob=51.06% lmt=-3.00% lmt_price=1695.38 sl=13.00%
[DIV][group4] candidates=10 selected=8 max_corr=0.70 lookback=252
[PICK][group4] 6479.T tp_prob=62.59% sector=Technology
[PICK][group4] 4476.T tp_prob=61.57% sector=Technology
[PICK][group4] 4417.T tp_prob=60.63% sector=Technology
[PICK][group4] 8316.T tp_prob=60.22% sector=Financial Services
[PICK][group4] 3186.T tp_prob=59.64% sector=Consumer Cyclical
[PICK][group4] 4113.T tp_prob=59.39% sector=Basic Materials
[PICK][group4] 4480.T tp_prob=59.38% sector=Healthcare
[PICK][group4] 5834.T tp_prob=59.18% sector=Industrials
[GROUP] start=group5 symbols=70
[DATA][group5] 1434.T -> data\prices\1434_T.csv
[DATA][group5] 1911.T -> data\prices\1911_T.csv
[DATA][group5] 2160.T -> data\prices\2160_T.csv
[DATA][group5] 2170.T -> data\prices\2170_T.csv
[DATA][group5] 2226.T -> data\prices\2226_T.csv
[DATA][group5] 2820.T -> data\prices\2820_T.csv
[DATA][group5] 2981.T -> data\prices\2981_T.csv
[DATA][group5] 3196.T -> data\prices\3196_T.csv
[DATA][group5] 4398.T -> data\prices\4398_T.csv
[DATA][group5] 4442.T -> data\prices\4442_T.csv
[DATA][group5] 4755.T -> data\prices\4755_T.csv
[DATA][group5] 4933.T -> data\prices\4933_T.csv
[DATA][group5] 5599.T -> data\prices\5599_T.csv
[DATA][group5] 5932.T -> data\prices\5932_T.csv
[DATA][group5] 6254.T -> data\prices\6254_T.csv
[DATA][group5] 7212.T -> data\prices\7212_T.csv
[DATA][group5] 8008.T -> data\prices\8008_T.csv
[DATA][group5] 8035.T -> data\prices\8035_T.csv
[DATA][group5] 8113.T -> data\prices\8113_T.csv
[DATA][group5] 8338.T -> data\prices\8338_T.csv
[DATA][group5] 8346.T -> data\prices\8346_T.csv
[DATA][group5] 8361.T -> data\prices\8361_T.csv
[DATA][group5] 9048.T -> data\prices\9048_T.csv
[DATA][group5] 9272.T -> data\prices\9272_T.csv
[DATA][group5] 9341.T -> data\prices\9341_T.csv
[DATA][group5] 9552.T -> data\prices\9552_T.csv
[SECTOR][group5] symbols=70 unique=9 index_loaded=9
[ML][group5] trained_rows=258219 symbols=70 features=22
[OPTRET][group5] threshold=0.70 stop_loss=13.00% limit=-2.50% win_rate=85.39% avg_fill=2.46% avg_signal=1.55% fills=178/282 constraints(fill_rate>=10.00%, monthly_fills>=0.00)
[FALLBACK][group5] threshold=0.70->0.60 buy_signals=7
[HOLD] 1434.T | signal_date=2026-03-06 trade_date=2026-03-09 close=1981.00 tp_prob=56.06% lmt=-2.50% lmt_price=2030.52 sl=13.00%
[BUY] 1911.T | signal_date=2026-03-06 trade_date=2026-03-09 close=1527.50 tp_prob=61.48% lmt=-2.50% lmt_price=1565.69 sl=13.00% sl_price=1328.92
[HOLD] 1928.T | signal_date=2026-03-06 trade_date=2026-03-09 close=3568.00 tp_prob=46.41% lmt=-2.50% lmt_price=3657.20 sl=13.00%
[HOLD] 1964.T | signal_date=2026-03-06 trade_date=2026-03-09 close=4705.00 tp_prob=54.54% lmt=-2.50% lmt_price=4822.62 sl=13.00%
[HOLD] 2146.T | signal_date=2026-03-06 trade_date=2026-03-09 close=209.00 tp_prob=50.27% lmt=-2.50% lmt_price=214.22 sl=13.00%
[HOLD] 2160.T | signal_date=2026-03-06 trade_date=2026-03-09 close=3590.00 tp_prob=56.51% lmt=-2.50% lmt_price=3679.75 sl=13.00%
[HOLD] 2170.T | signal_date=2026-03-06 trade_date=2026-03-09 close=557.00 tp_prob=50.35% lmt=-2.50% lmt_price=570.92 sl=13.00%
[HOLD] 2212.T | signal_date=2026-03-06 trade_date=2026-03-09 close=3364.00 tp_prob=49.32% lmt=-2.50% lmt_price=3448.10 sl=13.00%
[HOLD] 2226.T | signal_date=2026-03-06 trade_date=2026-03-09 close=4670.00 tp_prob=38.40% lmt=-2.50% lmt_price=4786.75 sl=13.00%
[HOLD] 2353.T | signal_date=2026-03-06 trade_date=2026-03-09 close=274.00 tp_prob=42.86% lmt=-2.50% lmt_price=280.85 sl=13.00%
[HOLD] 2395.T | signal_date=2026-03-06 trade_date=2026-03-09 close=1599.00 tp_prob=57.75% lmt=-2.50% lmt_price=1638.97 sl=13.00%
[HOLD] 2780.T | signal_date=2026-03-06 trade_date=2026-03-09 close=5090.00 tp_prob=57.36% lmt=-2.50% lmt_price=5217.25 sl=13.00%
[HOLD] 2820.T | signal_date=2026-03-06 trade_date=2026-03-09 close=5080.00 tp_prob=48.60% lmt=-2.50% lmt_price=5207.00 sl=13.00%
[HOLD] 2980.T | signal_date=2026-03-06 trade_date=2026-03-09 close=2845.00 tp_prob=54.24% lmt=-2.50% lmt_price=2916.12 sl=13.00%
[HOLD] 2981.T | signal_date=2026-03-06 trade_date=2026-03-09 close=2259.00 tp_prob=52.90% lmt=-2.50% lmt_price=2315.47 sl=13.00%
[HOLD] 3093.T | signal_date=2026-03-06 trade_date=2026-03-09 close=1848.00 tp_prob=50.24% lmt=-2.50% lmt_price=1894.20 sl=13.00%
[HOLD] 3186.T | signal_date=2026-03-06 trade_date=2026-03-09 close=3135.00 tp_prob=58.63% lmt=-2.50% lmt_price=3213.37 sl=13.00%
[HOLD] 3193.T | signal_date=2026-03-06 trade_date=2026-03-09 close=3775.00 tp_prob=44.58% lmt=-2.50% lmt_price=3869.37 sl=13.00%
[HOLD] 3196.T | signal_date=2026-03-06 trade_date=2026-03-09 close=1951.00 tp_prob=40.24% lmt=-2.50% lmt_price=1999.77 sl=13.00%
[HOLD] 3391.T | signal_date=2026-03-06 trade_date=2026-03-09 close=2272.50 tp_prob=59.27% lmt=-2.50% lmt_price=2329.31 sl=13.00%
[HOLD] 3491.T | signal_date=2026-03-06 trade_date=2026-03-09 close=1647.00 tp_prob=53.14% lmt=-2.50% lmt_price=1688.17 sl=13.00%
[HOLD] 3496.T | signal_date=2026-03-06 trade_date=2026-03-09 close=4795.00 tp_prob=52.49% lmt=-2.50% lmt_price=4914.88 sl=13.00%
[HOLD] 3498.T | signal_date=2026-03-06 trade_date=2026-03-09 close=7250.00 tp_prob=54.63% lmt=-2.50% lmt_price=7431.25 sl=13.00%
[HOLD] 3543.T | signal_date=2026-03-06 trade_date=2026-03-09 close=2898.00 tp_prob=40.16% lmt=-2.50% lmt_price=2970.45 sl=13.00%
[HOLD] 3547.T | signal_date=2026-03-06 trade_date=2026-03-09 close=1921.00 tp_prob=52.12% lmt=-2.50% lmt_price=1969.02 sl=13.00%
[HOLD] 3563.T | signal_date=2026-03-06 trade_date=2026-03-09 close=9260.00 tp_prob=56.87% lmt=-2.50% lmt_price=9491.50 sl=13.00%
[HOLD] 3836.T | signal_date=2026-03-06 trade_date=2026-03-09 close=1425.00 tp_prob=54.59% lmt=-2.50% lmt_price=1460.62 sl=13.00%
[HOLD] 3854.T | signal_date=2026-03-06 trade_date=2026-03-09 close=2380.00 tp_prob=53.56% lmt=-2.50% lmt_price=2439.50 sl=13.00%
[HOLD] 3923.T | signal_date=2026-03-06 trade_date=2026-03-09 close=884.00 tp_prob=55.60% lmt=-2.50% lmt_price=906.10 sl=13.00%
[HOLD] 3993.T | signal_date=2026-03-06 trade_date=2026-03-09 close=3335.00 tp_prob=55.68% lmt=-2.50% lmt_price=3418.37 sl=13.00%
[HOLD] 4043.T | signal_date=2026-03-06 trade_date=2026-03-09 close=4129.00 tp_prob=54.56% lmt=-2.50% lmt_price=4232.22 sl=13.00%
[HOLD] 4088.T | signal_date=2026-03-06 trade_date=2026-03-09 close=2093.50 tp_prob=56.82% lmt=-2.50% lmt_price=2145.84 sl=13.00%
[HOLD] 4180.T | signal_date=2026-03-06 trade_date=2026-03-09 close=833.00 tp_prob=57.57% lmt=-2.50% lmt_price=853.82 sl=13.00%
[HOLD] 4385.T | signal_date=2026-03-06 trade_date=2026-03-09 close=3491.00 tp_prob=52.51% lmt=-2.50% lmt_price=3578.27 sl=13.00%
[HOLD] 4398.T | signal_date=2026-03-06 trade_date=2026-03-09 close=1270.00 tp_prob=56.18% lmt=-2.50% lmt_price=1301.75 sl=13.00%
[BUY] 4417.T | signal_date=2026-03-06 trade_date=2026-03-09 close=2510.00 tp_prob=61.11% lmt=-2.50% lmt_price=2572.75 sl=13.00% sl_price=2183.70
[HOLD] 4442.T | signal_date=2026-03-06 trade_date=2026-03-09 close=439.00 tp_prob=46.98% lmt=-2.50% lmt_price=449.97 sl=13.00%
[HOLD] 4475.T | signal_date=2026-03-06 trade_date=2026-03-09 close=1028.00 tp_prob=55.55% lmt=-2.50% lmt_price=1053.70 sl=13.00%
[HOLD] 4477.T | signal_date=2026-03-06 trade_date=2026-03-09 close=315.00 tp_prob=54.92% lmt=-2.50% lmt_price=322.88 sl=13.00%
[HOLD] 4481.T | signal_date=2026-03-06 trade_date=2026-03-09 close=3350.00 tp_prob=53.12% lmt=-2.50% lmt_price=3433.75 sl=13.00%
[HOLD] 4755.T | signal_date=2026-03-06 trade_date=2026-03-09 close=805.30 tp_prob=56.58% lmt=-2.50% lmt_price=825.43 sl=13.00%
[HOLD] 4933.T | signal_date=2026-03-06 trade_date=2026-03-09 close=1077.00 tp_prob=57.71% lmt=-2.50% lmt_price=1103.92 sl=13.00%
[HOLD] 5032.T | signal_date=2026-03-06 trade_date=2026-03-09 close=3970.00 tp_prob=59.65% lmt=-2.50% lmt_price=4069.25 sl=13.00%
[BUY] 5599.T | signal_date=2026-03-06 trade_date=2026-03-09 close=1649.00 tp_prob=60.94% lmt=-2.50% lmt_price=1690.22 sl=13.00% sl_price=1434.63
[HOLD] 5932.T | signal_date=2026-03-06 trade_date=2026-03-09 close=682.00 tp_prob=52.78% lmt=-2.50% lmt_price=699.05 sl=13.00%
[HOLD] 6080.T | signal_date=2026-03-06 trade_date=2026-03-09 close=3495.00 tp_prob=53.25% lmt=-2.50% lmt_price=3582.37 sl=13.00%
[HOLD] 6227.T | signal_date=2026-03-06 trade_date=2026-03-09 close=22590.00 tp_prob=58.59% lmt=-2.50% lmt_price=23154.75 sl=13.00%
[BUY] 6254.T | signal_date=2026-03-06 trade_date=2026-03-09 close=3095.00 tp_prob=60.58% lmt=-2.50% lmt_price=3172.37 sl=13.00% sl_price=2692.65
[BUY] 6479.T | signal_date=2026-03-06 trade_date=2026-03-09 close=2970.00 tp_prob=62.28% lmt=-2.50% lmt_price=3044.25 sl=13.00% sl_price=2583.90
[HOLD] 6594.T | signal_date=2026-03-06 trade_date=2026-03-09 close=2307.00 tp_prob=53.23% lmt=-2.50% lmt_price=2364.67 sl=13.00%
[HOLD] 6920.T | signal_date=2026-03-06 trade_date=2026-03-09 close=33310.00 tp_prob=53.45% lmt=-2.50% lmt_price=34142.75 sl=13.00%
[HOLD] 7095.T | signal_date=2026-03-06 trade_date=2026-03-09 close=1414.00 tp_prob=52.99% lmt=-2.50% lmt_price=1449.35 sl=13.00%
[HOLD] 7212.T | signal_date=2026-03-06 trade_date=2026-03-09 close=786.00 tp_prob=53.01% lmt=-2.50% lmt_price=805.65 sl=13.00%
[HOLD] 7679.T | signal_date=2026-03-06 trade_date=2026-03-09 close=1998.00 tp_prob=43.13% lmt=-2.50% lmt_price=2047.95 sl=13.00%
[HOLD] 7818.T | signal_date=2026-03-06 trade_date=2026-03-09 close=1274.00 tp_prob=52.20% lmt=-2.50% lmt_price=1305.85 sl=13.00%
[HOLD] 8008.T | signal_date=2026-03-06 trade_date=2026-03-09 close=1814.00 tp_prob=41.69% lmt=-2.50% lmt_price=1859.35 sl=13.00%
[HOLD] 8035.T | signal_date=2026-03-06 trade_date=2026-03-09 close=41790.00 tp_prob=53.01% lmt=-2.50% lmt_price=42834.75 sl=13.00%
[HOLD] 8113.T | signal_date=2026-03-06 trade_date=2026-03-09 close=952.60 tp_prob=58.43% lmt=-2.50% lmt_price=976.41 sl=13.00%
[BUY] 8331.T | signal_date=2026-03-06 trade_date=2026-03-09 close=2116.50 tp_prob=60.16% lmt=-2.50% lmt_price=2169.41 sl=13.00% sl_price=1841.36
[BUY] 8338.T | signal_date=2026-03-06 trade_date=2026-03-09 close=631.00 tp_prob=61.57% lmt=-2.50% lmt_price=646.77 sl=13.00% sl_price=548.97
[HOLD] 8346.T | signal_date=2026-03-06 trade_date=2026-03-09 close=663.00 tp_prob=59.52% lmt=-2.50% lmt_price=679.57 sl=13.00%
[HOLD] 8361.T | signal_date=2026-03-06 trade_date=2026-03-09 close=6410.00 tp_prob=54.62% lmt=-2.50% lmt_price=6570.25 sl=13.00%
[HOLD] 9048.T | signal_date=2026-03-06 trade_date=2026-03-09 close=1777.00 tp_prob=41.02% lmt=-2.50% lmt_price=1821.42 sl=13.00%
[HOLD] 9272.T | signal_date=2026-03-06 trade_date=2026-03-09 close=1569.00 tp_prob=51.20% lmt=-2.50% lmt_price=1608.22 sl=13.00%
[HOLD] 9341.T | signal_date=2026-03-06 trade_date=2026-03-09 close=610.00 tp_prob=50.26% lmt=-2.50% lmt_price=625.25 sl=13.00%
[HOLD] 9416.T | signal_date=2026-03-06 trade_date=2026-03-09 close=1232.00 tp_prob=54.70% lmt=-2.50% lmt_price=1262.80 sl=13.00%
[HOLD] 9552.T | signal_date=2026-03-06 trade_date=2026-03-09 close=719.00 tp_prob=59.50% lmt=-2.50% lmt_price=736.97 sl=13.00%
[HOLD] 9989.T | signal_date=2026-03-06 trade_date=2026-03-09 close=3987.00 tp_prob=43.98% lmt=-2.50% lmt_price=4086.67 sl=13.00%
[HOLD] 135A.T | signal_date=2026-03-06 trade_date=2026-03-09 close=2471.00 tp_prob=58.81% lmt=-2.50% lmt_price=2532.77 sl=13.00%
[HOLD] 1963.T | signal_date=2026-03-06 trade_date=2026-03-09 close=2210.50 tp_prob=55.87% lmt=-2.50% lmt_price=2265.76 sl=13.00%
[DIV][group5] candidates=7 selected=6 max_corr=0.70 lookback=252
[PICK][group5] 6479.T tp_prob=62.28% sector=Technology
[PICK][group5] 8338.T tp_prob=61.57% sector=Financial Services
[PICK][group5] 1911.T tp_prob=61.48% sector=Consumer Cyclical
[PICK][group5] 4417.T tp_prob=61.11% sector=Technology
[PICK][group5] 5599.T tp_prob=60.94% sector=Technology
[PICK][group5] 6254.T tp_prob=60.58% sector=Industrials
