[DATA] 1417.T -> data\prices\1417_T.csv
[DATA] 1860.T -> data\prices\1860_T.csv
[DATA] 1861.T -> data\prices\1861_T.csv
[DATA] 1963.T -> data\prices\1963_T.csv
[DATA] 1975.T -> data\prices\1975_T.csv
[DATA] 2124.T -> data\prices\2124_T.csv
[DATA] 2181.T -> data\prices\2181_T.csv
[DATA] 2212.T -> data\prices\2212_T.csv
[DATA] 2220.T -> data\prices\2220_T.csv
[DATA] 2264.T -> data\prices\2264_T.csv
[DATA] 2282.T -> data\prices\2282_T.csv
[DATA] 2326.T -> data\prices\2326_T.csv
[DATA] 2353.T -> data\prices\2353_T.csv
[DATA] 2492.T -> data\prices\2492_T.csv
[DATA] 2501.T -> data\prices\2501_T.csv
[DATA] 2607.T -> data\prices\2607_T.csv
[DATA] 2914.T -> data\prices\2914_T.csv
[DATA] 2933.T -> data\prices\2933_T.csv
[DATA] 2980.T -> data\prices\2980_T.csv
[DATA] 2982.T -> data\prices\2982_T.csv
[DATA] 2983.T -> data\prices\2983_T.csv
[DATA] 3036.T -> data\prices\3036_T.csv
[DATA] 3064.T -> data\prices\3064_T.csv
[DATA] 3104.T -> data\prices\3104_T.csv
[DATA] 3186.T -> data\prices\3186_T.csv
[DATA] 3391.T -> data\prices\3391_T.csv
[DATA] 3392.T -> data\prices\3392_T.csv
[DATA] 3397.T -> data\prices\3397_T.csv
[DATA] 3415.T -> data\prices\3415_T.csv
[DATA] 3449.T -> data\prices\3449_T.csv
[DATA] 3452.T -> data\prices\3452_T.csv
[DATA] 3486.T -> data\prices\3486_T.csv
[DATA] 3489.T -> data\prices\3489_T.csv
[DATA] 3491.T -> data\prices\3491_T.csv
[DATA] 3496.T -> data\prices\3496_T.csv
[DATA] 3498.T -> data\prices\3498_T.csv
[DATA] 3563.T -> data\prices\3563_T.csv
[DATA] 3660.T -> data\prices\3660_T.csv
[DATA] 3661.T -> data\prices\3661_T.csv
[DATA] 3673.T -> data\prices\3673_T.csv
[DATA] 3697.T -> data\prices\3697_T.csv
[DATA] 3762.T -> data\prices\3762_T.csv
[DATA] 3771.T -> data\prices\3771_T.csv
[DATA] 3905.T -> data\prices\3905_T.csv
[DATA] 4013.T -> data\prices\4013_T.csv
[DATA] 4071.T -> data\prices\4071_T.csv
[DATA] 4180.T -> data\prices\4180_T.csv
[DATA] 4203.T -> data\prices\4203_T.csv
[DATA] 4301.T -> data\prices\4301_T.csv
[DATA] 4385.T -> data\prices\4385_T.csv
[DATA] 4413.T -> data\prices\4413_T.csv
[DATA] 4419.T -> data\prices\4419_T.csv
[DATA] 4443.T -> data\prices\4443_T.csv
[DATA] 4477.T -> data\prices\4477_T.csv
[DATA] 4478.T -> data\prices\4478_T.csv
[DATA] 4481.T -> data\prices\4481_T.csv
[DATA] 4503.T -> data\prices\4503_T.csv
[DATA] 4506.T -> data\prices\4506_T.csv
[DATA] 4507.T -> data\prices\4507_T.csv
[DATA] 4684.T -> data\prices\4684_T.csv
[DATA] 4704.T -> data\prices\4704_T.csv
[DATA] 5032.T -> data\prices\5032_T.csv
[DATA] 5248.T -> data\prices\5248_T.csv
[DATA] 6027.T -> data\prices\6027_T.csv
[DATA] 6099.T -> data\prices\6099_T.csv
[DATA] 6412.T -> data\prices\6412_T.csv
[DATA] 6532.T -> data\prices\6532_T.csv
[DATA] 6648.T -> data\prices\6648_T.csv
[DATA] 6871.T -> data\prices\6871_T.csv
[DATA] 7003.T -> data\prices\7003_T.csv
[DATA] 7059.T -> data\prices\7059_T.csv
[DATA] 7088.T -> data\prices\7088_T.csv
[DATA] 7094.T -> data\prices\7094_T.csv
[DATA] 7095.T -> data\prices\7095_T.csv
[DATA] 7167.T -> data\prices\7167_T.csv
[DATA] 7199.T -> data\prices\7199_T.csv
[DATA] 7266.T -> data\prices\7266_T.csv
[DATA] 7327.T -> data\prices\7327_T.csv
[DATA] 7347.T -> data\prices\7347_T.csv
[DATA] 7352.T -> data\prices\7352_T.csv
[DATA] 7581.T -> data\prices\7581_T.csv
[DATA] 7616.T -> data\prices\7616_T.csv
[DATA] 7685.T -> data\prices\7685_T.csv
[DATA] 7752.T -> data\prices\7752_T.csv
[DATA] 7874.T -> data\prices\7874_T.csv
[DATA] 7914.T -> data\prices\7914_T.csv
[DATA] 7936.T -> data\prices\7936_T.csv
[DATA] 8136.T -> data\prices\8136_T.csv
[DATA] 8316.T -> data\prices\8316_T.csv
[DATA] 8331.T -> data\prices\8331_T.csv
[DATA] 8365.T -> data\prices\8365_T.csv
[DATA] 8377.T -> data\prices\8377_T.csv
[DATA] 9166.T -> data\prices\9166_T.csv
[DATA] 9416.T -> data\prices\9416_T.csv
[DATA] 9556.T -> data\prices\9556_T.csv
[DATA] 9627.T -> data\prices\9627_T.csv
[DATA] 9889.T -> data\prices\9889_T.csv
[DATA] 135A.T -> data\prices\135A_T.csv
[DATA] 247A.T -> data\prices\247A_T.csv
[DATA] 285A.T -> data\prices\285A_T.csv
[FUT] rows=588 ticker=NKD=F feature=fut_nk_night_ret
[ML] trained_rows=376855 symbols=100 features=8
[OPTRET] threshold=0.75 stop_loss=20.00% limit=0.00% win_rate=92.79% avg_fill=3.35% avg_signal=1.90% fills=222/391
Loaded 100 symbols from watchlist.csv
[HOLD] 1417.T | date=2026-03-06 close=3722.00 tp_prob=54.71% lmt=0.00% lmt_price=3722.00 sl=20.00%
[HOLD] 1860.T | date=2026-03-06 close=1584.00 tp_prob=51.43% lmt=0.00% lmt_price=1584.00 sl=20.00%
[HOLD] 1861.T | date=2026-03-06 close=1746.00 tp_prob=60.85% lmt=0.00% lmt_price=1746.00 sl=20.00%
[HOLD] 1963.T | date=2026-03-06 close=2210.50 tp_prob=58.76% lmt=0.00% lmt_price=2210.50 sl=20.00%
[HOLD] 1975.T | date=2026-03-06 close=4135.00 tp_prob=59.63% lmt=0.00% lmt_price=4135.00 sl=20.00%
[HOLD] 2124.T | date=2026-03-06 close=880.00 tp_prob=53.90% lmt=0.00% lmt_price=880.00 sl=20.00%
[HOLD] 2181.T | date=2026-03-06 close=243.80 tp_prob=51.57% lmt=0.00% lmt_price=243.80 sl=20.00%
[HOLD] 2212.T | date=2026-03-06 close=3364.00 tp_prob=50.94% lmt=0.00% lmt_price=3364.00 sl=20.00%
[HOLD] 2220.T | date=2026-03-06 close=4360.00 tp_prob=43.70% lmt=0.00% lmt_price=4360.00 sl=20.00%
[HOLD] 2264.T | date=2026-03-06 close=4797.00 tp_prob=52.73% lmt=0.00% lmt_price=4797.00 sl=20.00%
[HOLD] 2282.T | date=2026-03-06 close=6857.00 tp_prob=42.77% lmt=0.00% lmt_price=6857.00 sl=20.00%
[HOLD] 2326.T | date=2026-03-06 close=5280.00 tp_prob=56.61% lmt=0.00% lmt_price=5280.00 sl=20.00%
[HOLD] 2353.T | date=2026-03-06 close=274.00 tp_prob=43.12% lmt=0.00% lmt_price=274.00 sl=20.00%
[HOLD] 2492.T | date=2026-03-06 close=420.00 tp_prob=55.99% lmt=0.00% lmt_price=420.00 sl=20.00%
[HOLD] 2501.T | date=2026-03-06 close=1666.00 tp_prob=54.48% lmt=0.00% lmt_price=1666.00 sl=20.00%
[HOLD] 2607.T | date=2026-03-06 close=3466.00 tp_prob=63.21% lmt=0.00% lmt_price=3466.00 sl=20.00%
[HOLD] 2914.T | date=2026-03-06 close=5714.00 tp_prob=43.37% lmt=0.00% lmt_price=5714.00 sl=20.00%
[HOLD] 2933.T | date=2026-03-06 close=1053.00 tp_prob=42.89% lmt=0.00% lmt_price=1053.00 sl=20.00%
[HOLD] 2980.T | date=2026-03-06 close=2845.00 tp_prob=55.94% lmt=0.00% lmt_price=2845.00 sl=20.00%
[HOLD] 2982.T | date=2026-03-06 close=440.00 tp_prob=56.31% lmt=0.00% lmt_price=440.00 sl=20.00%
[HOLD] 2983.T | date=2026-03-06 close=2100.00 tp_prob=56.99% lmt=0.00% lmt_price=2100.00 sl=20.00%
[HOLD] 3036.T | date=2026-03-06 close=2956.00 tp_prob=58.24% lmt=0.00% lmt_price=2956.00 sl=20.00%
[HOLD] 3064.T | date=2026-03-06 close=1986.00 tp_prob=53.47% lmt=0.00% lmt_price=1986.00 sl=20.00%
[HOLD] 3104.T | date=2026-03-06 close=10590.00 tp_prob=51.62% lmt=0.00% lmt_price=10590.00 sl=20.00%
[HOLD] 3186.T | date=2026-03-06 close=3135.00 tp_prob=63.37% lmt=0.00% lmt_price=3135.00 sl=20.00%
[HOLD] 3391.T | date=2026-03-06 close=2272.50 tp_prob=61.72% lmt=0.00% lmt_price=2272.50 sl=20.00%
[HOLD] 3392.T | date=2026-03-06 close=839.00 tp_prob=49.49% lmt=0.00% lmt_price=839.00 sl=20.00%
[HOLD] 3397.T | date=2026-03-06 close=4253.00 tp_prob=43.94% lmt=0.00% lmt_price=4253.00 sl=20.00%
[HOLD] 3415.T | date=2026-03-06 close=453.00 tp_prob=58.21% lmt=0.00% lmt_price=453.00 sl=20.00%
[HOLD] 3449.T | date=2026-03-06 close=2476.00 tp_prob=54.31% lmt=0.00% lmt_price=2476.00 sl=20.00%
[HOLD] 3452.T | date=2026-03-06 close=1587.00 tp_prob=51.25% lmt=0.00% lmt_price=1587.00 sl=20.00%
[HOLD] 3486.T | date=2026-03-06 close=2282.00 tp_prob=53.68% lmt=0.00% lmt_price=2282.00 sl=20.00%
[HOLD] 3489.T | date=2026-03-06 close=934.00 tp_prob=53.53% lmt=0.00% lmt_price=934.00 sl=20.00%
[HOLD] 3491.T | date=2026-03-06 close=1647.00 tp_prob=51.66% lmt=0.00% lmt_price=1647.00 sl=20.00%
[HOLD] 3496.T | date=2026-03-06 close=4795.00 tp_prob=52.61% lmt=0.00% lmt_price=4795.00 sl=20.00%
[HOLD] 3498.T | date=2026-03-06 close=7250.00 tp_prob=56.87% lmt=0.00% lmt_price=7250.00 sl=20.00%
[HOLD] 3563.T | date=2026-03-06 close=9260.00 tp_prob=59.92% lmt=0.00% lmt_price=9260.00 sl=20.00%
[HOLD] 3660.T | date=2026-03-06 close=462.00 tp_prob=52.82% lmt=0.00% lmt_price=462.00 sl=20.00%
[HOLD] 3661.T | date=2026-03-06 close=703.00 tp_prob=60.94% lmt=0.00% lmt_price=703.00 sl=20.00%
[HOLD] 3673.T | date=2026-03-06 close=829.00 tp_prob=56.60% lmt=0.00% lmt_price=829.00 sl=20.00%
[HOLD] 3697.T | date=2026-03-06 close=732.90 tp_prob=55.90% lmt=0.00% lmt_price=732.90 sl=20.00%
[HOLD] 3762.T | date=2026-03-06 close=1846.00 tp_prob=52.22% lmt=0.00% lmt_price=1846.00 sl=20.00%
[HOLD] 3771.T | date=2026-03-06 close=1793.00 tp_prob=51.52% lmt=0.00% lmt_price=1793.00 sl=20.00%
[HOLD] 3905.T | date=2026-03-06 close=1565.00 tp_prob=69.63% lmt=0.00% lmt_price=1565.00 sl=20.00%
[HOLD] 4013.T | date=2026-03-06 close=734.00 tp_prob=63.03% lmt=0.00% lmt_price=734.00 sl=20.00%
[HOLD] 4071.T | date=2026-03-06 close=2263.00 tp_prob=52.41% lmt=0.00% lmt_price=2263.00 sl=20.00%
[HOLD] 4180.T | date=2026-03-06 close=833.00 tp_prob=59.12% lmt=0.00% lmt_price=833.00 sl=20.00%
[HOLD] 4203.T | date=2026-03-06 close=5570.00 tp_prob=54.52% lmt=0.00% lmt_price=5570.00 sl=20.00%
[HOLD] 4301.T | date=2026-03-06 close=2038.00 tp_prob=42.78% lmt=0.00% lmt_price=2038.00 sl=20.00%
[HOLD] 4385.T | date=2026-03-06 close=3491.00 tp_prob=56.16% lmt=0.00% lmt_price=3491.00 sl=20.00%
[HOLD] 4413.T | date=2026-03-06 close=1992.00 tp_prob=56.42% lmt=0.00% lmt_price=1992.00 sl=20.00%
[HOLD] 4419.T | date=2026-03-06 close=957.00 tp_prob=58.77% lmt=0.00% lmt_price=957.00 sl=20.00%
[HOLD] 4443.T | date=2026-03-06 close=1240.00 tp_prob=56.14% lmt=0.00% lmt_price=1240.00 sl=20.00%
[HOLD] 4477.T | date=2026-03-06 close=315.00 tp_prob=55.61% lmt=0.00% lmt_price=315.00 sl=20.00%
[HOLD] 4478.T | date=2026-03-06 close=2415.00 tp_prob=59.21% lmt=0.00% lmt_price=2415.00 sl=20.00%
[HOLD] 4481.T | date=2026-03-06 close=3350.00 tp_prob=51.91% lmt=0.00% lmt_price=3350.00 sl=20.00%
[HOLD] 4503.T | date=2026-03-06 close=2404.00 tp_prob=56.56% lmt=0.00% lmt_price=2404.00 sl=20.00%
[HOLD] 4506.T | date=2026-03-06 close=1920.50 tp_prob=71.76% lmt=0.00% lmt_price=1920.50 sl=20.00%
[HOLD] 4507.T | date=2026-03-06 close=3451.00 tp_prob=47.55% lmt=0.00% lmt_price=3451.00 sl=20.00%
[HOLD] 4684.T | date=2026-03-06 close=4136.00 tp_prob=53.85% lmt=0.00% lmt_price=4136.00 sl=20.00%
[HOLD] 4704.T | date=2026-03-06 close=5508.00 tp_prob=57.31% lmt=0.00% lmt_price=5508.00 sl=20.00%
[HOLD] 5032.T | date=2026-03-06 close=3970.00 tp_prob=62.79% lmt=0.00% lmt_price=3970.00 sl=20.00%
[HOLD] 5248.T | date=2026-03-06 close=538.00 tp_prob=51.42% lmt=0.00% lmt_price=538.00 sl=20.00%
[HOLD] 6027.T | date=2026-03-06 close=2801.00 tp_prob=59.27% lmt=0.00% lmt_price=2801.00 sl=20.00%
[HOLD] 6099.T | date=2026-03-06 close=763.00 tp_prob=51.67% lmt=0.00% lmt_price=763.00 sl=20.00%
[HOLD] 6412.T | date=2026-03-06 close=1985.00 tp_prob=40.16% lmt=0.00% lmt_price=1985.00 sl=20.00%
[HOLD] 6532.T | date=2026-03-06 close=4766.00 tp_prob=56.60% lmt=0.00% lmt_price=4766.00 sl=20.00%
[HOLD] 6648.T | date=2026-03-06 close=2302.00 tp_prob=57.40% lmt=0.00% lmt_price=2302.00 sl=20.00%
[HOLD] 6871.T | date=2026-03-06 close=11270.00 tp_prob=57.39% lmt=0.00% lmt_price=11270.00 sl=20.00%
[HOLD] 7003.T | date=2026-03-06 close=6840.00 tp_prob=58.87% lmt=0.00% lmt_price=6840.00 sl=20.00%
[HOLD] 7059.T | date=2026-03-06 close=964.00 tp_prob=53.48% lmt=0.00% lmt_price=964.00 sl=20.00%
[HOLD] 7088.T | date=2026-03-06 close=1698.00 tp_prob=39.99% lmt=0.00% lmt_price=1698.00 sl=20.00%
[HOLD] 7094.T | date=2026-03-06 close=1664.00 tp_prob=52.14% lmt=0.00% lmt_price=1664.00 sl=20.00%
[HOLD] 7095.T | date=2026-03-06 close=1414.00 tp_prob=51.99% lmt=0.00% lmt_price=1414.00 sl=20.00%
[HOLD] 7167.T | date=2026-03-06 close=1255.50 tp_prob=55.03% lmt=0.00% lmt_price=1255.50 sl=20.00%
[HOLD] 7199.T | date=2026-03-06 close=1882.00 tp_prob=51.52% lmt=0.00% lmt_price=1882.00 sl=20.00%
[HOLD] 7266.T | date=2026-03-06 close=970.00 tp_prob=56.21% lmt=0.00% lmt_price=970.00 sl=20.00%
[HOLD] 7327.T | date=2026-03-06 close=2048.00 tp_prob=52.93% lmt=0.00% lmt_price=2048.00 sl=20.00%
[HOLD] 7347.T | date=2026-03-06 close=804.00 tp_prob=55.38% lmt=0.00% lmt_price=804.00 sl=20.00%
[HOLD] 7352.T | date=2026-03-06 close=542.00 tp_prob=68.02% lmt=0.00% lmt_price=542.00 sl=20.00%
[HOLD] 7581.T | date=2026-03-06 close=6760.00 tp_prob=43.11% lmt=0.00% lmt_price=6760.00 sl=20.00%
[HOLD] 7616.T | date=2026-03-06 close=1869.50 tp_prob=42.67% lmt=0.00% lmt_price=1869.50 sl=20.00%
[HOLD] 7685.T | date=2026-03-06 close=6260.00 tp_prob=58.49% lmt=0.00% lmt_price=6260.00 sl=20.00%
[HOLD] 7752.T | date=2026-03-06 close=1373.50 tp_prob=55.81% lmt=0.00% lmt_price=1373.50 sl=20.00%
[HOLD] 7874.T | date=2026-03-06 close=1191.00 tp_prob=55.31% lmt=0.00% lmt_price=1191.00 sl=20.00%
[HOLD] 7914.T | date=2026-03-06 close=1685.00 tp_prob=51.25% lmt=0.00% lmt_price=1685.00 sl=20.00%
[HOLD] 7936.T | date=2026-03-06 close=4607.00 tp_prob=51.87% lmt=0.00% lmt_price=4607.00 sl=20.00%
[HOLD] 8136.T | date=2026-03-06 close=5816.00 tp_prob=55.96% lmt=0.00% lmt_price=5816.00 sl=20.00%
[HOLD] 8316.T | date=2026-03-06 close=5423.00 tp_prob=62.54% lmt=0.00% lmt_price=5423.00 sl=20.00%
[HOLD] 8331.T | date=2026-03-06 close=2116.50 tp_prob=61.68% lmt=0.00% lmt_price=2116.50 sl=20.00%
[HOLD] 8365.T | date=2026-03-06 close=2367.00 tp_prob=56.96% lmt=0.00% lmt_price=2367.00 sl=20.00%
[HOLD] 8377.T | date=2026-03-06 close=6031.00 tp_prob=53.87% lmt=0.00% lmt_price=6031.00 sl=20.00%
[HOLD] 9166.T | date=2026-03-06 close=656.00 tp_prob=56.35% lmt=0.00% lmt_price=656.00 sl=20.00%
[HOLD] 9416.T | date=2026-03-06 close=1232.00 tp_prob=53.89% lmt=0.00% lmt_price=1232.00 sl=20.00%
[HOLD] 9556.T | date=2026-03-06 close=2902.00 tp_prob=64.69% lmt=0.00% lmt_price=2902.00 sl=20.00%
[HOLD] 9627.T | date=2026-03-06 close=5627.00 tp_prob=54.55% lmt=0.00% lmt_price=5627.00 sl=20.00%
[HOLD] 9889.T | date=2026-03-06 close=1322.00 tp_prob=53.84% lmt=0.00% lmt_price=1322.00 sl=20.00%
[HOLD] 135A.T | date=2026-03-06 close=2471.00 tp_prob=61.42% lmt=0.00% lmt_price=2471.00 sl=20.00%
[HOLD] 247A.T | date=2026-03-06 close=1313.00 tp_prob=65.59% lmt=0.00% lmt_price=1313.00 sl=20.00%
[HOLD] 285A.T | date=2026-03-06 close=19975.00 tp_prob=57.22% lmt=0.00% lmt_price=19975.00 sl=20.00%
[DIV] candidates=0 selected=0 max_corr=0.70 lookback=252
